Loading training data
Loading dictionary of embeddings
Processing training data
Processing validation data
Copying embeddings
Training the model

CATEGORY: beauty
NO OF CLASSES: 17
Iter:   1000 / 2779120  0.04% 0m 47s trg_loss: 2.3186874389648438
Iter:   2000 / 2779120  0.07% 1m 22s trg_loss: 1.0154879093170166
Iter:   3000 / 2779120  0.11% 2m 3s trg_loss: 0.9606795310974121
Iter:   4000 / 2779120  0.14% 2m 51s trg_loss: 2.4595580101013184
Iter:   5000 / 2779120  0.18% 3m 39s trg_loss: 2.061257839202881
val_loss: 1.504792792798851  val_acc: 59.515667527392004 %
Iter:   6000 / 2779120  0.22% 5m 24s trg_loss: 4.7198076248168945
Iter:   7000 / 2779120  0.25% 6m 5s trg_loss: 0.35487648844718933
Iter:   8000 / 2779120  0.29% 6m 53s trg_loss: 0.04901636391878128
Iter:   9000 / 2779120  0.32% 7m 41s trg_loss: 0.9923179149627686
Iter:  10000 / 2779120  0.36% 8m 29s trg_loss: 3.231123924255371
val_loss: 1.6618840030399713  val_acc: 57.893083955614486 %
Iter:  11000 / 2779120  0.40% 10m 7s trg_loss: 3.240738868713379
Iter:  12000 / 2779120  0.43% 10m 55s trg_loss: 0.7960602045059204
Iter:  13000 / 2779120  0.47% 11m 43s trg_loss: 7.2877702713012695
Iter:  14000 / 2779120  0.50% 12m 31s trg_loss: 3.062119722366333
Iter:  15000 / 2779120  0.54% 13m 20s trg_loss: 1.2925453186035156
val_loss: 1.6014192745771891  val_acc: 56.343778351594665 %
Iter:  16000 / 2779120  0.58% 14m 23s trg_loss: 3.997809886932373
Iter:  17000 / 2779120  0.61% 14m 47s trg_loss: 5.583897590637207
Iter:  18000 / 2779120  0.65% 15m 10s trg_loss: 0.05230650678277016
Iter:  19000 / 2779120  0.68% 15m 44s trg_loss: 2.7527477741241455
Iter:  20000 / 2779120  0.72% 16m 32s trg_loss: 1.088829755783081
val_loss: 1.7006518979448608  val_acc: 53.95003140484332 %
Iter:  21000 / 2779120  0.76% 19m 36s trg_loss: 0.1614481806755066
Iter:  22000 / 2779120  0.79% 20m 23s trg_loss: 1.1385424137115479
Iter:  23000 / 2779120  0.83% 21m 10s trg_loss: 0.025271836668252945
Iter:  24000 / 2779120  0.86% 21m 58s trg_loss: 5.253063678741455
Iter:  25000 / 2779120  0.90% 22m 31s trg_loss: 4.348276615142822
val_loss: 1.3535366268342044  val_acc: 62.03154442040617 %
Iter:  26000 / 2779120  0.94% 24m 24s trg_loss: 0.7975783944129944
Iter:  27000 / 2779120  0.97% 25m 12s trg_loss: 0.04598602280020714
Iter:  28000 / 2779120  1.01% 26m 0s trg_loss: 0.10768023133277893
Iter:  29000 / 2779120  1.04% 26m 33s trg_loss: 0.6068210601806641
Iter:  30000 / 2779120  1.08% 27m 16s trg_loss: 0.23978009819984436
val_loss: 1.2958255882709535  val_acc: 63.8495359062042 %
Iter:  31000 / 2779120  1.12% 29m 14s trg_loss: 0.2372266799211502
Iter:  32000 / 2779120  1.15% 30m 2s trg_loss: 0.40094178915023804
Iter:  33000 / 2779120  1.19% 30m 35s trg_loss: 0.246001198887825
Iter:  34000 / 2779120  1.22% 31m 1s trg_loss: 0.06857462972402573
Iter:  35000 / 2779120  1.26% 31m 25s trg_loss: 0.11134849488735199
val_loss: 1.2735778976656145  val_acc: 65.19296531509526 %
Iter:  36000 / 2779120  1.30% 32m 7s trg_loss: 0.026791144162416458
Iter:  37000 / 2779120  1.33% 32m 47s trg_loss: 3.987954616546631
Iter:  38000 / 2779120  1.37% 33m 35s trg_loss: 0.06401506811380386
Iter:  39000 / 2779120  1.40% 34m 23s trg_loss: 0.9362646341323853
Iter:  40000 / 2779120  1.44% 35m 11s trg_loss: 0.021625548601150513
val_loss: 1.2901356339174959  val_acc: 63.85651476027636 %
Iter:  41000 / 2779120  1.48% 38m 15s trg_loss: 1.4759907722473145
Iter:  42000 / 2779120  1.51% 39m 0s trg_loss: 1.6913725137710571
Iter:  43000 / 2779120  1.55% 39m 32s trg_loss: 0.025813691318035126
Iter:  44000 / 2779120  1.58% 40m 18s trg_loss: 0.17225022614002228
Iter:  45000 / 2779120  1.62% 41m 6s trg_loss: 4.623684883117676
val_loss: 1.1766235271373446  val_acc: 67.19938586084166 %
Iter:  46000 / 2779120  1.66% 43m 2s trg_loss: 0.5685495734214783
Iter:  47000 / 2779120  1.69% 43m 34s trg_loss: 0.113862544298172
Iter:  48000 / 2779120  1.73% 44m 20s trg_loss: 0.5714225769042969
Iter:  49000 / 2779120  1.76% 45m 8s trg_loss: 1.8866759538650513
Iter:  50000 / 2779120  1.80% 45m 56s trg_loss: 0.14775094389915466
val_loss: 1.1539770373862124  val_acc: 67.70884220810943 %
Iter:  51000 / 2779120  1.84% 47m 36s trg_loss: 0.09356117248535156
Iter:  52000 / 2779120  1.87% 48m 0s trg_loss: 0.06430217623710632
Iter:  53000 / 2779120  1.91% 48m 24s trg_loss: 0.84062659740448
Iter:  54000 / 2779120  1.94% 48m 48s trg_loss: 0.032056618481874466
Iter:  55000 / 2779120  1.98% 49m 11s trg_loss: 2.1475114822387695
val_loss: 1.1214806257658037  val_acc: 68.66145578895946 %
Iter:  56000 / 2779120  2.02% 50m 52s trg_loss: 0.16341765224933624
Iter:  57000 / 2779120  2.05% 51m 40s trg_loss: 0.02293022908270359
Iter:  58000 / 2779120  2.09% 52m 28s trg_loss: 5.673033237457275
Iter:  59000 / 2779120  2.12% 53m 8s trg_loss: 0.03058379516005516
Iter:  60000 / 2779120  2.16% 53m 43s trg_loss: 2.1038661003112793
val_loss: 1.168228146518014  val_acc: 66.79810175169237 %
Iter:  61000 / 2779120  2.19% 56m 54s trg_loss: 0.9794833660125732
Iter:  62000 / 2779120  2.23% 57m 42s trg_loss: 3.688938856124878
Iter:  63000 / 2779120  2.27% 58m 30s trg_loss: 0.03219179809093475
Iter:  64000 / 2779120  2.30% 59m 18s trg_loss: 1.8885738849639893
Iter:  65000 / 2779120  2.34% 60m 6s trg_loss: 0.9075602889060974
val_loss: 1.1133228622204043  val_acc: 68.5079209993719 %
Iter:  66000 / 2779120  2.37% 61m 47s trg_loss: 0.13347145915031433
Iter:  67000 / 2779120  2.41% 62m 35s trg_loss: 0.7094228267669678
Iter:  68000 / 2779120  2.45% 63m 23s trg_loss: 0.07107360661029816
Iter:  69000 / 2779120  2.48% 64m 10s trg_loss: 0.5322849154472351
Iter:  70000 / 2779120  2.52% 64m 41s trg_loss: 0.02926800027489662
val_loss: 1.100150948182211  val_acc: 69.06273989810873 %
Iter:  71000 / 2779120  2.55% 65m 28s trg_loss: 0.04655500128865242
Iter:  72000 / 2779120  2.59% 65m 52s trg_loss: 0.1396692395210266
Iter:  73000 / 2779120  2.63% 66m 15s trg_loss: 0.10789011418819427
Iter:  74000 / 2779120  2.66% 66m 58s trg_loss: 1.4897023439407349
Iter:  75000 / 2779120  2.70% 67m 46s trg_loss: 0.1809324473142624
val_loss: 1.0856863039102194  val_acc: 68.98597250331495 %
Iter:  76000 / 2779120  2.73% 69m 44s trg_loss: 0.0777897909283638
Iter:  77000 / 2779120  2.77% 70m 15s trg_loss: 0.10209625214338303
Iter:  78000 / 2779120  2.81% 70m 59s trg_loss: 0.38681134581565857
Iter:  79000 / 2779120  2.84% 71m 47s trg_loss: 3.0144262313842773
Iter:  80000 / 2779120  2.88% 72m 35s trg_loss: 1.0732057094573975
val_loss: 1.0762146903462533  val_acc: 69.40470374764463 %
Iter:  81000 / 2779120  2.91% 75m 45s trg_loss: 0.02462187595665455
Iter:  82000 / 2779120  2.95% 76m 33s trg_loss: 0.7332412600517273
Iter:  83000 / 2779120  2.99% 77m 12s trg_loss: 1.1909748315811157
Iter:  84000 / 2779120  3.02% 77m 48s trg_loss: 0.03165073320269585
Iter:  85000 / 2779120  3.06% 78m 36s trg_loss: 0.014803680591285229
val_loss: 1.0574089466872518  val_acc: 69.89322353269594 %
Iter:  86000 / 2779120  3.09% 80m 34s trg_loss: 0.14146029949188232
Iter:  87000 / 2779120  3.13% 81m 14s trg_loss: 2.044889450073242
Iter:  88000 / 2779120  3.17% 81m 44s trg_loss: 0.22481538355350494
Iter:  89000 / 2779120  3.20% 82m 8s trg_loss: 0.43515944480895996
Iter:  90000 / 2779120  3.24% 82m 31s trg_loss: 0.2769292891025543
val_loss: 1.0531077881073476  val_acc: 69.70130504571149 %
Iter:  91000 / 2779120  3.27% 83m 21s trg_loss: 0.6836141347885132
Iter:  92000 / 2779120  3.31% 84m 9s trg_loss: 0.4431460499763489
Iter:  93000 / 2779120  3.35% 84m 56s trg_loss: 0.05296405404806137
Iter:  94000 / 2779120  3.38% 85m 44s trg_loss: 0.05944114178419113
Iter:  95000 / 2779120  3.42% 86m 32s trg_loss: 0.02766769379377365
val_loss: 1.0417339501404383  val_acc: 70.51783097215437 %
Iter:  96000 / 2779120  3.45% 88m 14s trg_loss: 3.373692512512207
Iter:  97000 / 2779120  3.49% 89m 2s trg_loss: 0.1097792237997055
Iter:  98000 / 2779120  3.53% 89m 50s trg_loss: 0.009925653226673603
Iter:  99000 / 2779120  3.56% 90m 38s trg_loss: 1.0583572387695312
Iter: 100000 / 2779120  3.60% 91m 20s trg_loss: 0.020936207845807076
val_loss: 1.0337938998992793  val_acc: 70.4968944099379 %
Iter: 101000 / 2779120  3.63% 94m 10s trg_loss: 0.2377762496471405
Iter: 102000 / 2779120  3.67% 94m 43s trg_loss: 0.042509108781814575
Iter: 103000 / 2779120  3.71% 95m 31s trg_loss: 0.03856939822435379
Iter: 104000 / 2779120  3.74% 96m 19s trg_loss: 0.570187509059906
Iter: 105000 / 2779120  3.78% 97m 7s trg_loss: 0.08381547033786774
val_loss: 1.0282191003629324  val_acc: 70.64693977248936 %
Iter: 106000 / 2779120  3.81% 98m 45s trg_loss: 1.0277196168899536
Iter: 107000 / 2779120  3.85% 99m 8s trg_loss: 0.07423752546310425
Iter: 108000 / 2779120  3.89% 99m 32s trg_loss: 0.01978507824242115
Iter: 109000 / 2779120  3.92% 99m 55s trg_loss: 0.23140080273151398
Iter: 110000 / 2779120  3.96% 100m 19s trg_loss: 0.0509965755045414
val_loss: 1.024681001851984  val_acc: 70.73766487542746 %
Iter: 111000 / 2779120  3.99% 102m 15s trg_loss: 0.1369490921497345
Iter: 112000 / 2779120  4.03% 103m 3s trg_loss: 0.8100516200065613
Iter: 113000 / 2779120  4.07% 103m 48s trg_loss: 0.40366676449775696
Iter: 114000 / 2779120  4.10% 104m 20s trg_loss: 2.549468755722046
Iter: 115000 / 2779120  4.14% 105m 7s trg_loss: 0.4105139672756195
val_loss: 1.0207744733548652  val_acc: 70.8946890920511 %
Iter: 116000 / 2779120  4.17% 107m 5s trg_loss: 0.4239770174026489
Iter: 117000 / 2779120  4.21% 107m 50s trg_loss: 1.2092734575271606
Iter: 118000 / 2779120  4.25% 108m 22s trg_loss: 0.3681611716747284
Iter: 119000 / 2779120  4.28% 109m 8s trg_loss: 0.900291919708252
Iter: 120000 / 2779120  4.32% 109m 56s trg_loss: 0.1414964199066162
val_loss: 1.0177390321100603  val_acc: 70.8737525298346 %
Iter: 121000 / 2779120  4.35% 112m 59s trg_loss: 0.722956120967865
Iter: 122000 / 2779120  4.39% 113m 47s trg_loss: 5.7673726081848145
Iter: 123000 / 2779120  4.43% 114m 35s trg_loss: 0.046483881771564484
Iter: 124000 / 2779120  4.46% 115m 16s trg_loss: 0.28307104110717773
Iter: 125000 / 2779120  4.50% 115m 48s trg_loss: 0.1192265972495079
val_loss: 1.0153953180885311  val_acc: 71.0517133086747 %
Iter: 126000 / 2779120  4.53% 117m 2s trg_loss: 0.1591513454914093
Iter: 127000 / 2779120  4.57% 117m 50s trg_loss: 0.2263515144586563
Iter: 128000 / 2779120  4.61% 118m 38s trg_loss: 0.1801983118057251
Iter: 129000 / 2779120  4.64% 119m 25s trg_loss: 0.32484930753707886
Iter: 130000 / 2779120  4.68% 119m 48s trg_loss: 0.6573684215545654
val_loss: 1.0125498676079343  val_acc: 71.02379789238607 %
Iter: 131000 / 2779120  4.71% 120m 30s trg_loss: 0.0081194331869483
Iter: 132000 / 2779120  4.75% 120m 55s trg_loss: 1.2163610458374023
Iter: 133000 / 2779120  4.79% 121m 37s trg_loss: 0.03234577178955078
Iter: 134000 / 2779120  4.82% 122m 11s trg_loss: 0.151097372174263
Iter: 135000 / 2779120  4.86% 122m 59s trg_loss: 0.8837988972663879
val_loss: 1.010011923194462  val_acc: 71.11801242236024 %
Iter: 136000 / 2779120  4.89% 124m 57s trg_loss: 0.21265862882137299
Iter: 137000 / 2779120  4.93% 125m 39s trg_loss: 0.7235784530639648
Iter: 138000 / 2779120  4.97% 126m 12s trg_loss: 0.5066046714782715
Iter: 139000 / 2779120  5.00% 127m 0s trg_loss: 0.9747440814971924
Iter: 140000 / 2779120  5.04% 127m 48s trg_loss: 1.8012282848358154
val_loss: 1.008619537376879  val_acc: 71.14243841161282 %
Iter: 141000 / 2779120  5.07% 130m 52s trg_loss: 0.40053310990333557
Iter: 142000 / 2779120  5.11% 131m 40s trg_loss: 0.8680814504623413
Iter: 143000 / 2779120  5.15% 132m 28s trg_loss: 0.7055928111076355
Iter: 144000 / 2779120  5.18% 133m 6s trg_loss: 0.5875566005706787
Iter: 145000 / 2779120  5.22% 133m 43s trg_loss: 0.3282662630081177
val_loss: 1.007222711055686  val_acc: 71.11452299532417 %
Iter: 146000 / 2779120  5.25% 135m 41s trg_loss: 0.07652565091848373
Iter: 147000 / 2779120  5.29% 136m 22s trg_loss: 0.09598664939403534
Iter: 148000 / 2779120  5.33% 136m 46s trg_loss: 5.7319746017456055
Iter: 149000 / 2779120  5.36% 137m 9s trg_loss: 0.03968353569507599
Iter: 150000 / 2779120  5.40% 137m 33s trg_loss: 0.24700672924518585
val_loss: 1.005814595928244  val_acc: 71.17733268197361 %
Iter: 151000 / 2779120  5.43% 138m 39s trg_loss: 0.6139261722564697
Iter: 152000 / 2779120  5.47% 139m 24s trg_loss: 0.0814165249466896
Iter: 153000 / 2779120  5.51% 140m 12s trg_loss: 1.3084162473678589
Iter: 154000 / 2779120  5.54% 141m 0s trg_loss: 1.0176810026168823
Iter: 155000 / 2779120  5.58% 141m 48s trg_loss: 0.09410709142684937
val_loss: 1.0045326089253808  val_acc: 71.22967408751482 %
Iter: 156000 / 2779120  5.61% 143m 27s trg_loss: 4.1950273513793945
Iter: 157000 / 2779120  5.65% 144m 15s trg_loss: 0.8551834225654602
Iter: 158000 / 2779120  5.69% 145m 2s trg_loss: 0.04267566651105881
Iter: 159000 / 2779120  5.72% 145m 50s trg_loss: 1.8769387006759644
Iter: 160000 / 2779120  5.76% 146m 38s trg_loss: 3.0681865215301514
val_loss: 1.0034678338503908  val_acc: 71.20524809826226 %
Iter: 161000 / 2779120  5.79% 149m 34s trg_loss: 0.3540576696395874
Iter: 162000 / 2779120  5.83% 150m 7s trg_loss: 0.1345004141330719
Iter: 163000 / 2779120  5.87% 150m 49s trg_loss: 0.07406407594680786
Iter: 164000 / 2779120  5.90% 151m 37s trg_loss: 1.9359781742095947
Iter: 165000 / 2779120  5.94% 152m 24s trg_loss: 0.01293235830962658
val_loss: 1.0028569824708549  val_acc: 71.23316351455091 %
Iter: 166000 / 2779120  5.97% 153m 45s trg_loss: 0.17893509566783905
Iter: 167000 / 2779120  6.01% 154m 9s trg_loss: 2.6260223388671875
Iter: 168000 / 2779120  6.05% 154m 32s trg_loss: 3.6701860427856445
Iter: 169000 / 2779120  6.08% 154m 56s trg_loss: 0.22991502285003662
Iter: 170000 / 2779120  6.12% 155m 37s trg_loss: 0.029579954221844673
val_loss: 1.0022347665272506  val_acc: 71.25758950380347 %
Iter: 171000 / 2779120  6.15% 157m 18s trg_loss: 0.06876450031995773
Iter: 172000 / 2779120  6.19% 158m 6s trg_loss: 0.24066755175590515
Iter: 173000 / 2779120  6.22% 158m 53s trg_loss: 2.810155153274536
Iter: 174000 / 2779120  6.26% 159m 40s trg_loss: 0.16896338760852814
Iter: 175000 / 2779120  6.30% 160m 11s trg_loss: 1.0419187545776367
val_loss: 1.0018857205289688  val_acc: 71.33086747156116 %
Iter: 176000 / 2779120  6.33% 162m 6s trg_loss: 0.3120843470096588
Iter: 177000 / 2779120  6.37% 162m 54s trg_loss: 7.104211807250977
Iter: 178000 / 2779120  6.40% 163m 40s trg_loss: 1.5771632194519043
Iter: 179000 / 2779120  6.44% 164m 12s trg_loss: 0.41055959463119507
Iter: 180000 / 2779120  6.48% 164m 55s trg_loss: 0.05393227934837341
val_loss: 1.0011432021593056  val_acc: 71.35878288784981 %
Iter: 181000 / 2779120  6.51% 168m 16s trg_loss: 0.6969677805900574
Iter: 182000 / 2779120  6.55% 169m 4s trg_loss: 3.4829509258270264
Iter: 183000 / 2779120  6.58% 169m 52s trg_loss: 0.14983253180980682
Iter: 184000 / 2779120  6.62% 170m 26s trg_loss: 0.028784772381186485
Iter: 185000 / 2779120  6.66% 170m 50s trg_loss: 1.3172767162322998
val_loss: 1.0007613001880498  val_acc: 71.35878288784981 %
Iter: 186000 / 2779120  6.69% 171m 37s trg_loss: 0.04224870353937149
Iter: 187000 / 2779120  6.73% 172m 1s trg_loss: 2.888624668121338
Iter: 188000 / 2779120  6.76% 172m 43s trg_loss: 0.14270661771297455
Iter: 189000 / 2779120  6.80% 173m 14s trg_loss: 0.11663956195116043
