Loading training data
Loading dictionary of embeddings
Processing training data
Processing validation data
Copying embeddings
Training the model

CATEGORY: mobile
NO OF CLASSES: 27
Iter:   1000 / 1642890  0.06% 0m 23s trg_loss: 0.022473417222499847
Iter:   2000 / 1642890  0.12% 0m 47s trg_loss: 0.14879931509494781
Iter:   3000 / 1642890  0.18% 1m 11s trg_loss: 0.1869729459285736
Iter:   4000 / 1642890  0.24% 1m 39s trg_loss: 3.5323493480682373
Iter:   5000 / 1642890  0.30% 2m 27s trg_loss: 0.1195647120475769
val_loss: 1.2545537985229853  val_acc: 68.86421755130044 %
Iter:   6000 / 1642890  0.37% 3m 55s trg_loss: 0.08476097881793976
Iter:   7000 / 1642890  0.43% 4m 43s trg_loss: 0.9540470838546753
Iter:   8000 / 1642890  0.49% 5m 24s trg_loss: 0.13336452841758728
Iter:   9000 / 1642890  0.55% 5m 55s trg_loss: 1.2045332193374634
Iter:  10000 / 1642890  0.61% 6m 30s trg_loss: 0.14223045110702515
val_loss: 1.2223973394484233  val_acc: 67.26127362315225 %
Iter:  11000 / 1642890  0.67% 7m 59s trg_loss: 0.05776028707623482
Iter:  12000 / 1642890  0.73% 8m 47s trg_loss: 0.11157893389463425
Iter:  13000 / 1642890  0.79% 9m 35s trg_loss: 3.323110818862915
Iter:  14000 / 1642890  0.85% 10m 15s trg_loss: 0.8724325299263
Iter:  15000 / 1642890  0.91% 10m 46s trg_loss: 3.900453567504883
val_loss: 1.2694662036429376  val_acc: 66.46915736293893 %
Iter:  16000 / 1642890  0.97% 12m 2s trg_loss: 2.5301332473754883
Iter:  17000 / 1642890  1.03% 12m 51s trg_loss: 0.05069021135568619
Iter:  18000 / 1642890  1.10% 13m 39s trg_loss: 0.08185312151908875
Iter:  19000 / 1642890  1.16% 14m 27s trg_loss: 0.24654680490493774
Iter:  20000 / 1642890  1.22% 15m 6s trg_loss: 2.019118547439575
val_loss: 1.2027242461513394  val_acc: 66.68121998378345 %
Iter:  21000 / 1642890  1.28% 17m 42s trg_loss: 0.22605669498443604
Iter:  22000 / 1642890  1.34% 18m 20s trg_loss: 0.013908370397984982
Iter:  23000 / 1642890  1.40% 18m 52s trg_loss: 0.014411530457437038
Iter:  24000 / 1642890  1.46% 19m 20s trg_loss: 2.8670003414154053
Iter:  25000 / 1642890  1.52% 19m 44s trg_loss: 0.4402269721031189
val_loss: 1.0350699700620543  val_acc: 73.20526414270567 %
Iter:  26000 / 1642890  1.58% 20m 20s trg_loss: 1.338284969329834
Iter:  27000 / 1642890  1.64% 21m 8s trg_loss: 0.02630741335451603
Iter:  28000 / 1642890  1.70% 21m 55s trg_loss: 0.034590382128953934
Iter:  29000 / 1642890  1.77% 22m 42s trg_loss: 1.314305305480957
Iter:  30000 / 1642890  1.83% 23m 30s trg_loss: 0.10365956276655197
val_loss: 0.9921212323207265  val_acc: 73.79155491798166 %
Iter:  31000 / 1642890  1.89% 24m 37s trg_loss: 0.5125060081481934
Iter:  32000 / 1642890  1.95% 25m 10s trg_loss: 0.003017042065039277
Iter:  33000 / 1642890  2.01% 25m 58s trg_loss: 0.056688643991947174
Iter:  34000 / 1642890  2.07% 26m 46s trg_loss: 2.582490921020508
Iter:  35000 / 1642890  2.13% 27m 34s trg_loss: 0.07137922942638397
val_loss: 0.9850765523900142  val_acc: 74.7832595272251 %
Iter:  36000 / 1642890  2.19% 28m 57s trg_loss: 0.3316976726055145
Iter:  37000 / 1642890  2.25% 29m 28s trg_loss: 0.5479166507720947
Iter:  38000 / 1642890  2.31% 30m 1s trg_loss: 0.632724940776825
Iter:  39000 / 1642890  2.37% 30m 49s trg_loss: 1.7231439352035522
Iter:  40000 / 1642890  2.43% 31m 37s trg_loss: 2.26670241355896
val_loss: 0.9697154411999245  val_acc: 75.01403355579119 %
Iter:  41000 / 1642890  2.50% 34m 34s trg_loss: 0.5873140692710876
Iter:  42000 / 1642890  2.56% 35m 22s trg_loss: 0.40389955043792725
Iter:  43000 / 1642890  2.62% 36m 9s trg_loss: 0.30732473731040955
Iter:  44000 / 1642890  2.68% 36m 52s trg_loss: 2.2985315322875977
Iter:  45000 / 1642890  2.74% 37m 23s trg_loss: 0.08849208056926727
val_loss: 0.917542478312757  val_acc: 76.0244495727562 %
Iter:  46000 / 1642890  2.80% 38m 5s trg_loss: 2.0094547271728516
Iter:  47000 / 1642890  2.86% 38m 29s trg_loss: 1.203501582145691
Iter:  48000 / 1642890  2.92% 38m 53s trg_loss: 0.07337529212236404
Iter:  49000 / 1642890  2.98% 39m 37s trg_loss: 1.3217378854751587
Iter:  50000 / 1642890  3.04% 40m 25s trg_loss: 0.43185144662857056
val_loss: 0.914783551903653  val_acc: 76.37996631946609 %
Iter:  51000 / 1642890  3.10% 41m 53s trg_loss: 0.036322444677352905
Iter:  52000 / 1642890  3.17% 42m 39s trg_loss: 0.08983491361141205
Iter:  53000 / 1642890  3.23% 43m 10s trg_loss: 0.07934540510177612
Iter:  54000 / 1642890  3.29% 43m 42s trg_loss: 2.1012113094329834
Iter:  55000 / 1642890  3.35% 44m 27s trg_loss: 0.03909928351640701
val_loss: 0.9075719946221502  val_acc: 76.38620345537329 %
Iter:  56000 / 1642890  3.41% 45m 55s trg_loss: 1.927295207977295
Iter:  57000 / 1642890  3.47% 46m 43s trg_loss: 0.008922114036977291
Iter:  58000 / 1642890  3.53% 47m 30s trg_loss: 1.2644075155258179
Iter:  59000 / 1642890  3.59% 48m 1s trg_loss: 0.14607146382331848
Iter:  60000 / 1642890  3.65% 48m 32s trg_loss: 0.12757599353790283
val_loss: 0.8984548813789132  val_acc: 76.70429738664005 %
Iter:  61000 / 1642890  3.71% 51m 20s trg_loss: 0.13472099602222443
Iter:  62000 / 1642890  3.77% 52m 0s trg_loss: 0.10588174313306808
Iter:  63000 / 1642890  3.83% 52m 48s trg_loss: 0.21110399067401886
Iter:  64000 / 1642890  3.90% 53m 36s trg_loss: 0.5588114261627197
Iter:  65000 / 1642890  3.96% 54m 24s trg_loss: 0.0065345182083547115
val_loss: 0.8770973352516775  val_acc: 76.78538015343355 %
Iter:  66000 / 1642890  4.02% 55m 39s trg_loss: 0.1674177050590515
Iter:  67000 / 1642890  4.08% 56m 10s trg_loss: 0.7691377997398376
Iter:  68000 / 1642890  4.14% 56m 37s trg_loss: 0.28823786973953247
Iter:  69000 / 1642890  4.20% 57m 1s trg_loss: 0.1977231353521347
Iter:  70000 / 1642890  4.26% 57m 25s trg_loss: 0.08086506277322769
val_loss: 0.8707746012497214  val_acc: 77.02862845381401 %
Iter:  71000 / 1642890  4.32% 58m 23s trg_loss: 0.207671657204628
Iter:  72000 / 1642890  4.38% 59m 11s trg_loss: 0.1440986692905426
Iter:  73000 / 1642890  4.44% 59m 59s trg_loss: 0.11587800830602646
Iter:  74000 / 1642890  4.50% 60m 47s trg_loss: 4.196249961853027
Iter:  75000 / 1642890  4.57% 61m 35s trg_loss: 2.046206474304199
val_loss: 0.8644182767182631  val_acc: 76.93507141520614 %
Iter:  76000 / 1642890  4.63% 62m 28s trg_loss: 0.056916940957307816
Iter:  77000 / 1642890  4.69% 63m 15s trg_loss: 0.5419130325317383
Iter:  78000 / 1642890  4.75% 64m 3s trg_loss: 3.3214731216430664
Iter:  79000 / 1642890  4.81% 64m 51s trg_loss: 1.5611178874969482
Iter:  80000 / 1642890  4.87% 65m 39s trg_loss: 0.07562173157930374
val_loss: 0.8747224123372077  val_acc: 76.82280296887669 %
Iter:  81000 / 1642890  4.93% 68m 39s trg_loss: 1.9759260416030884
Iter:  82000 / 1642890  4.99% 69m 23s trg_loss: 0.2678432762622833
Iter:  83000 / 1642890  5.05% 69m 54s trg_loss: 0.24882563948631287
Iter:  84000 / 1642890  5.11% 70m 26s trg_loss: 0.13101518154144287
Iter:  85000 / 1642890  5.17% 71m 13s trg_loss: 0.1192014142870903
val_loss: 0.8542760486957618  val_acc: 77.12842262832908 %
Iter:  86000 / 1642890  5.23% 72m 41s trg_loss: 0.24004709720611572
Iter:  87000 / 1642890  5.30% 73m 29s trg_loss: 0.09902554750442505
Iter:  88000 / 1642890  5.36% 74m 13s trg_loss: 2.2477149963378906
Iter:  89000 / 1642890  5.42% 74m 44s trg_loss: 1.8402769565582275
Iter:  90000 / 1642890  5.48% 75m 16s trg_loss: 0.04238639771938324
val_loss: 0.8526355132688113  val_acc: 77.321773841452 %
Iter:  91000 / 1642890  5.54% 75m 52s trg_loss: 0.08976767957210541
Iter:  92000 / 1642890  5.60% 76m 15s trg_loss: 0.30926433205604553
Iter:  93000 / 1642890  5.66% 76m 51s trg_loss: 0.8209927082061768
Iter:  94000 / 1642890  5.72% 77m 38s trg_loss: 4.65934419631958
Iter:  95000 / 1642890  5.78% 78m 26s trg_loss: 0.19147232174873352
val_loss: 0.8466033910663054  val_acc: 77.38414520052392 %
Iter:  96000 / 1642890  5.84% 79m 55s trg_loss: 0.5857968330383301
Iter:  97000 / 1642890  5.90% 80m 30s trg_loss: 0.2769635319709778
Iter:  98000 / 1642890  5.97% 81m 2s trg_loss: 0.2554638385772705
Iter:  99000 / 1642890  6.03% 81m 41s trg_loss: 8.616242408752441
Iter: 100000 / 1642890  6.09% 82m 29s trg_loss: 0.04225807264447212
val_loss: 0.843495547312497  val_acc: 77.51512505457494 %
Iter: 101000 / 1642890  6.15% 85m 24s trg_loss: 0.10498218983411789
Iter: 102000 / 1642890  6.21% 86m 12s trg_loss: 0.8186547756195068
Iter: 103000 / 1642890  6.27% 87m 0s trg_loss: 0.3817540407180786
Iter: 104000 / 1642890  6.33% 87m 48s trg_loss: 0.34807437658309937
Iter: 105000 / 1642890  6.39% 88m 24s trg_loss: 0.0709531307220459
val_loss: 0.8395809121459095  val_acc: 77.50265078276055 %
Iter: 106000 / 1642890  6.45% 89m 28s trg_loss: 0.03573564812541008
Iter: 107000 / 1642890  6.51% 90m 16s trg_loss: 0.05086130648851395
Iter: 108000 / 1642890  6.57% 91m 3s trg_loss: 1.0968070030212402
Iter: 109000 / 1642890  6.63% 91m 52s trg_loss: 0.09715483337640762
Iter: 110000 / 1642890  6.70% 92m 39s trg_loss: 0.15476098656654358
val_loss: 0.8387307034655715  val_acc: 77.43404228778145 %
Iter: 111000 / 1642890  6.76% 93m 37s trg_loss: 0.15178760886192322
Iter: 112000 / 1642890  6.82% 94m 3s trg_loss: 0.32063162326812744
Iter: 113000 / 1642890  6.88% 94m 27s trg_loss: 1.6369187831878662
Iter: 114000 / 1642890  6.94% 94m 51s trg_loss: 0.21850194036960602
Iter: 115000 / 1642890  7.00% 95m 31s trg_loss: 0.24630072712898254
val_loss: 0.8363979308426678  val_acc: 77.58997068546124 %
Iter: 116000 / 1642890  7.06% 97m 0s trg_loss: 6.3028059005737305
Iter: 117000 / 1642890  7.12% 97m 48s trg_loss: 0.183278888463974
Iter: 118000 / 1642890  7.18% 98m 36s trg_loss: 0.20700982213020325
Iter: 119000 / 1642890  7.24% 99m 8s trg_loss: 0.04514077305793762
Iter: 120000 / 1642890  7.30% 99m 39s trg_loss: 0.06667099893093109
val_loss: 0.8373501211563249  val_acc: 77.65857918044034 %
Iter: 121000 / 1642890  7.37% 102m 21s trg_loss: 0.11945713311433792
Iter: 122000 / 1642890  7.43% 102m 52s trg_loss: 0.15573695302009583
Iter: 123000 / 1642890  7.49% 103m 37s trg_loss: 2.1941192150115967
Iter: 124000 / 1642890  7.55% 104m 25s trg_loss: 0.23585142195224762
Iter: 125000 / 1642890  7.61% 105m 13s trg_loss: 0.03205430880188942
val_loss: 0.8346990793408401  val_acc: 77.72095053951226 %
Iter: 126000 / 1642890  7.67% 106m 40s trg_loss: 0.027379848062992096
Iter: 127000 / 1642890  7.73% 107m 11s trg_loss: 0.3356897234916687
Iter: 128000 / 1642890  7.79% 107m 42s trg_loss: 0.320365309715271
Iter: 129000 / 1642890  7.85% 108m 27s trg_loss: 6.491230010986328
Iter: 130000 / 1642890  7.91% 109m 15s trg_loss: 0.09527042508125305
val_loss: 0.8339180617613492  val_acc: 77.78332189858416 %
Iter: 131000 / 1642890  7.97% 110m 44s trg_loss: 0.6045848727226257
Iter: 132000 / 1642890  8.03% 111m 30s trg_loss: 0.11267005652189255
Iter: 133000 / 1642890  8.10% 112m 1s trg_loss: 1.418480634689331
Iter: 134000 / 1642890  8.16% 112m 33s trg_loss: 0.11516070365905762
Iter: 135000 / 1642890  8.22% 112m 57s trg_loss: 2.2367196083068848
val_loss: 0.832256557950875  val_acc: 77.73966194723383 %
Iter: 136000 / 1642890  8.28% 113m 32s trg_loss: 0.2311418056488037
Iter: 137000 / 1642890  8.34% 114m 11s trg_loss: 0.020243585109710693
Iter: 138000 / 1642890  8.40% 114m 59s trg_loss: 0.24178461730480194
Iter: 139000 / 1642890  8.46% 115m 47s trg_loss: 0.07762975245714188
Iter: 140000 / 1642890  8.52% 116m 35s trg_loss: 0.3511723279953003
val_loss: 0.8307396161696711  val_acc: 77.73966194723383 %
Iter: 141000 / 1642890  8.58% 118m 16s trg_loss: 0.13796678185462952
Iter: 142000 / 1642890  8.64% 119m 4s trg_loss: 0.14797726273536682
Iter: 143000 / 1642890  8.70% 119m 52s trg_loss: 1.5044913291931152
Iter: 144000 / 1642890  8.77% 120m 39s trg_loss: 0.3365148901939392
Iter: 145000 / 1642890  8.83% 122m 56s trg_loss: 0.2822531759738922
val_loss: 0.8301610583130866  val_acc: 77.79579617039856 %
Iter: 146000 / 1642890  8.89% 124m 24s trg_loss: 0.1584358513355255
Iter: 147000 / 1642890  8.95% 124m 57s trg_loss: 0.11618265509605408
Iter: 148000 / 1642890  9.01% 125m 29s trg_loss: 0.1283959150314331
Iter: 149000 / 1642890  9.07% 126m 11s trg_loss: 0.2578963041305542
Iter: 150000 / 1642890  9.13% 126m 59s trg_loss: 0.1225767731666565
val_loss: 0.8301319381951969  val_acc: 77.73342481132663 %
Iter: 151000 / 1642890  9.19% 128m 27s trg_loss: 0.05671657994389534
Iter: 152000 / 1642890  9.25% 129m 15s trg_loss: 0.2091415971517563
Iter: 153000 / 1642890  9.31% 129m 48s trg_loss: 1.2305943965911865
Iter: 154000 / 1642890  9.37% 130m 19s trg_loss: 0.13263137638568878
Iter: 155000 / 1642890  9.43% 130m 45s trg_loss: 0.10178113728761673
val_loss: 0.8289939749986923  val_acc: 77.75213621904823 %
Iter: 156000 / 1642890  9.50% 131m 20s trg_loss: 0.18137432634830475
Iter: 157000 / 1642890  9.56% 131m 53s trg_loss: 0.08332850784063339
Iter: 158000 / 1642890  9.62% 132m 41s trg_loss: 0.20992185175418854
Iter: 159000 / 1642890  9.68% 133m 29s trg_loss: 0.5206969380378723
Iter: 160000 / 1642890  9.74% 134m 17s trg_loss: 0.37136682868003845
val_loss: 0.8278490786548649  val_acc: 77.7646104908626 %
Iter: 161000 / 1642890  9.80% 135m 34s trg_loss: 2.120138645172119
Iter: 162000 / 1642890  9.86% 136m 6s trg_loss: 2.1815710067749023
Iter: 163000 / 1642890  9.92% 136m 44s trg_loss: 0.3494901657104492
Iter: 164000 / 1642890  9.98% 137m 32s trg_loss: 5.833314895629883
Iter: 165000 / 1642890 10.04% 139m 37s trg_loss: 0.5934219360351562
val_loss: 0.8271739540335431  val_acc: 77.7646104908626 %
Iter: 166000 / 1642890 10.10% 141m 5s trg_loss: 0.2969883978366852
Iter: 167000 / 1642890 10.17% 141m 53s trg_loss: 0.03733987361192703
Iter: 168000 / 1642890 10.23% 142m 41s trg_loss: 0.21007993817329407
Iter: 169000 / 1642890 10.29% 143m 25s trg_loss: 0.17026379704475403
Iter: 170000 / 1642890 10.35% 143m 56s trg_loss: 0.38643744587898254
val_loss: 0.8267710179905062  val_acc: 77.79579617039856 %
Iter: 171000 / 1642890 10.41% 145m 9s trg_loss: 0.47492164373397827
Iter: 172000 / 1642890 10.47% 145m 56s trg_loss: 2.4077954292297363
Iter: 173000 / 1642890 10.53% 146m 44s trg_loss: 1.726262092590332
Iter: 174000 / 1642890 10.59% 147m 32s trg_loss: 1.3552460670471191
Iter: 175000 / 1642890 10.65% 148m 16s trg_loss: 0.2325555682182312
val_loss: 0.8266345604800075  val_acc: 77.7708476267698 %
Iter: 176000 / 1642890 10.71% 149m 7s trg_loss: 0.5259478092193604
Iter: 177000 / 1642890 10.77% 149m 30s trg_loss: 0.3844303786754608
Iter: 178000 / 1642890 10.83% 149m 54s trg_loss: 0.17611192166805267
Iter: 179000 / 1642890 10.90% 150m 19s trg_loss: 0.2337070107460022
Iter: 180000 / 1642890 10.96% 151m 7s trg_loss: 2.9168078899383545
val_loss: 0.8267104777360004  val_acc: 77.81450757812013 %
Iter: 181000 / 1642890 11.02% 152m 36s trg_loss: 2.9063141345977783
Iter: 182000 / 1642890 11.08% 153m 24s trg_loss: 1.1141698360443115
Iter: 183000 / 1642890 11.14% 154m 6s trg_loss: 0.19803661108016968
Iter: 184000 / 1642890 11.20% 154m 37s trg_loss: 2.707366466522217
Iter: 185000 / 1642890 11.26% 157m 5s trg_loss: 0.29284825921058655
val_loss: 0.8263622546478696  val_acc: 77.80827044221293 %
Iter: 186000 / 1642890 11.32% 157m 59s trg_loss: 0.5075570344924927
Iter: 187000 / 1642890 11.38% 158m 45s trg_loss: 1.1722135543823242
Iter: 188000 / 1642890 11.44% 159m 33s trg_loss: 0.029936006292700768
Iter: 189000 / 1642890 11.50% 160m 20s trg_loss: 0.05610669404268265
Iter: 190000 / 1642890 11.56% 161m 8s trg_loss: 0.2789061367511749
val_loss: 0.826197888835539  val_acc: 77.82074471402733 %
Iter: 191000 / 1642890 11.63% 162m 17s trg_loss: 0.12048009783029556
Iter: 192000 / 1642890 11.69% 162m 48s trg_loss: 0.9031136631965637
Iter: 193000 / 1642890 11.75% 163m 34s trg_loss: 3.7631916999816895
Iter: 194000 / 1642890 11.81% 164m 22s trg_loss: 0.08600743114948273
Iter: 195000 / 1642890 11.87% 165m 9s trg_loss: 0.28763192892074585
val_loss: 0.8259426963079797  val_acc: 77.82698184993451 %
Iter: 196000 / 1642890 11.93% 166m 34s trg_loss: 0.19577328860759735
Iter: 197000 / 1642890 11.99% 167m 5s trg_loss: 0.19804657995700836
Iter: 198000 / 1642890 12.05% 167m 36s trg_loss: 0.15877234935760498
Iter: 199000 / 1642890 12.11% 168m 1s trg_loss: 2.7185635566711426
Iter: 200000 / 1642890 12.17% 168m 25s trg_loss: 0.24464617669582367
val_loss: 0.8259523146641352  val_acc: 77.8394561217489 %
Iter: 201000 / 1642890 12.23% 169m 6s trg_loss: 0.28085291385650635
Iter: 202000 / 1642890 12.30% 169m 54s trg_loss: 0.9797504544258118
Iter: 203000 / 1642890 12.36% 170m 42s trg_loss: 0.15295074880123138
Iter: 204000 / 1642890 12.42% 171m 29s trg_loss: 5.971738815307617
Iter: 205000 / 1642890 12.48% 174m 6s trg_loss: 0.33695465326309204
