/usr/bin/vglrun: line 260: exec: text_pytorch_beauty.py: not found
/usr/bin/vglrun: line 260: exec: text_pytorch_beauty.py: not found
Loading training data
Loading dictionary of embeddings
Processing training data
Processing validation data
Copying embeddings
Training the model

CATEGORY: beauty
NO OF CLASSES: 17
Iter:   1000 / 2779120  0.04% 0m 24s trg_loss: 0.6511831283569336
Iter:   2000 / 2779120  0.07% 0m 48s trg_loss: 0.927276611328125
Iter:   3000 / 2779120  0.11% 1m 16s trg_loss: 4.740679740905762
Iter:   4000 / 2779120  0.14% 2m 3s trg_loss: 3.770642042160034
Iter:   5000 / 2779120  0.18% 2m 51s trg_loss: 0.009836062788963318
val_loss: 1.558380977464976  val_acc: 58.34322004326889 %
Iter:   6000 / 2779120  0.22% 4m 46s trg_loss: 0.6115950345993042
Iter:   7000 / 2779120  0.25% 5m 20s trg_loss: 0.004128623753786087
Iter:   8000 / 2779120  0.29% 6m 3s trg_loss: 6.550337791442871
Iter:   9000 / 2779120  0.32% 6m 51s trg_loss: 0.28119149804115295
Iter:  10000 / 2779120  0.36% 7m 40s trg_loss: 0.07607544958591461
val_loss: 1.5296043628067932  val_acc: 60.056528717984506 %
Iter:  11000 / 2779120  0.40% 9m 27s trg_loss: 0.12075239419937134
Iter:  12000 / 2779120  0.43% 10m 3s trg_loss: 3.1900084018707275
Iter:  13000 / 2779120  0.47% 10m 51s trg_loss: 0.025147458538413048
Iter:  14000 / 2779120  0.50% 11m 39s trg_loss: 0.06331921368837357
Iter:  15000 / 2779120  0.54% 12m 28s trg_loss: 6.354429244995117
val_loss: 1.5480012119813231  val_acc: 58.095470723707166 %
Iter:  16000 / 2779120  0.58% 14m 7s trg_loss: 2.0159082412719727
Iter:  17000 / 2779120  0.61% 14m 51s trg_loss: 0.10531764477491379
Iter:  18000 / 2779120  0.65% 15m 39s trg_loss: 0.5067920088768005
Iter:  19000 / 2779120  0.68% 16m 27s trg_loss: 3.7622194290161133
Iter:  20000 / 2779120  0.72% 17m 15s trg_loss: 0.4066521227359772
val_loss: 1.5706829071248136  val_acc: 58.423476865098756 %
Iter:  21000 / 2779120  0.76% 19m 59s trg_loss: 1.2492058277130127
Iter:  22000 / 2779120  0.79% 20m 47s trg_loss: 5.676897048950195
Iter:  23000 / 2779120  0.83% 21m 35s trg_loss: 6.140008926391602
Iter:  24000 / 2779120  0.86% 22m 23s trg_loss: 0.95717453956604
Iter:  25000 / 2779120  0.90% 23m 12s trg_loss: 0.14018000662326813
val_loss: 1.340530721947202  val_acc: 62.561937329890426 %
Iter:  26000 / 2779120  0.94% 24m 49s trg_loss: 1.5184139013290405
Iter:  27000 / 2779120  0.97% 25m 38s trg_loss: 0.26549580693244934
Iter:  28000 / 2779120  1.01% 26m 26s trg_loss: 0.7871118783950806
Iter:  29000 / 2779120  1.04% 27m 14s trg_loss: 2.104102611541748
Iter:  30000 / 2779120  1.08% 27m 55s trg_loss: 0.020318932831287384
val_loss: 1.307224413240968  val_acc: 63.45872007816317 %
Iter:  31000 / 2779120  1.12% 29m 39s trg_loss: 1.0134937763214111
Iter:  32000 / 2779120  1.15% 30m 27s trg_loss: 2.600615978240967
Iter:  33000 / 2779120  1.19% 31m 16s trg_loss: 2.081104278564453
Iter:  34000 / 2779120  1.22% 32m 4s trg_loss: 0.13002879917621613
Iter:  35000 / 2779120  1.26% 32m 38s trg_loss: 2.1468405723571777
val_loss: 1.3383901670536584  val_acc: 61.96175587968455 %
Iter:  36000 / 2779120  1.30% 34m 28s trg_loss: 0.21202372014522552
Iter:  37000 / 2779120  1.33% 35m 16s trg_loss: 2.2105789184570312
Iter:  38000 / 2779120  1.37% 36m 4s trg_loss: 0.4577813148498535
Iter:  39000 / 2779120  1.40% 36m 45s trg_loss: 0.13684523105621338
Iter:  40000 / 2779120  1.44% 37m 18s trg_loss: 1.89951753616333
val_loss: 1.2850708491386051  val_acc: 63.98562356061135 %
Iter:  41000 / 2779120  1.48% 39m 44s trg_loss: 0.03154516592621803
Iter:  42000 / 2779120  1.51% 40m 32s trg_loss: 0.18433500826358795
Iter:  43000 / 2779120  1.55% 41m 20s trg_loss: 0.12767724692821503
Iter:  44000 / 2779120  1.58% 42m 4s trg_loss: 0.010119796730577946
Iter:  45000 / 2779120  1.62% 42m 38s trg_loss: 0.317302405834198
val_loss: 1.1938765634441513  val_acc: 66.04787493893502 %
Iter:  46000 / 2779120  1.66% 44m 31s trg_loss: 3.1995420455932617
Iter:  47000 / 2779120  1.69% 45m 20s trg_loss: 0.06122581660747528
Iter:  48000 / 2779120  1.73% 46m 8s trg_loss: 6.076617240905762
Iter:  49000 / 2779120  1.76% 46m 44s trg_loss: 1.099990725517273
Iter:  50000 / 2779120  1.80% 47m 18s trg_loss: 0.08455604314804077
val_loss: 1.1876324785224492  val_acc: 66.71784492986251 %
Iter:  51000 / 2779120  1.84% 49m 18s trg_loss: 2.744431972503662
Iter:  52000 / 2779120  1.87% 50m 6s trg_loss: 5.370336532592773
Iter:  53000 / 2779120  1.91% 50m 49s trg_loss: 0.11216380447149277
Iter:  54000 / 2779120  1.94% 51m 23s trg_loss: 0.285997599363327
Iter:  55000 / 2779120  1.98% 52m 5s trg_loss: 2.333749294281006
val_loss: 1.1604344067837948  val_acc: 66.78763347058413 %
Iter:  56000 / 2779120  2.02% 54m 5s trg_loss: 0.11927558481693268
Iter:  57000 / 2779120  2.05% 54m 53s trg_loss: 0.793349027633667
Iter:  58000 / 2779120  2.09% 55m 29s trg_loss: 0.01672578603029251
Iter:  59000 / 2779120  2.12% 56m 1s trg_loss: 2.989626884460449
Iter:  60000 / 2779120  2.16% 56m 25s trg_loss: 1.0931583642959595
val_loss: 1.1390914465970403  val_acc: 67.94263381952683 %
Iter:  61000 / 2779120  2.19% 58m 47s trg_loss: 0.03859291225671768
Iter:  62000 / 2779120  2.23% 59m 35s trg_loss: 1.3593612909317017
Iter:  63000 / 2779120  2.27% 60m 15s trg_loss: 0.1562923789024353
Iter:  64000 / 2779120  2.30% 60m 48s trg_loss: 3.7036337852478027
Iter:  65000 / 2779120  2.34% 61m 32s trg_loss: 1.1335097551345825
val_loss: 1.1083020079483328  val_acc: 68.52536813455231 %
Iter:  66000 / 2779120  2.37% 63m 32s trg_loss: 0.20612145960330963
Iter:  67000 / 2779120  2.41% 64m 20s trg_loss: 0.1303064525127411
Iter:  68000 / 2779120  2.45% 64m 53s trg_loss: 0.3190968930721283
Iter:  69000 / 2779120  2.48% 65m 30s trg_loss: 0.10189978778362274
Iter:  70000 / 2779120  2.52% 66m 19s trg_loss: 3.0711190700531006
val_loss: 1.093741183593104  val_acc: 69.03133505478401 %
Iter:  71000 / 2779120  2.55% 68m 19s trg_loss: 0.10941267013549805
Iter:  72000 / 2779120  2.59% 68m 59s trg_loss: 0.2212783396244049
Iter:  73000 / 2779120  2.63% 69m 32s trg_loss: 1.5821563005447388
Iter:  74000 / 2779120  2.66% 70m 17s trg_loss: 1.1693172454833984
Iter:  75000 / 2779120  2.70% 71m 5s trg_loss: 0.8992969989776611
val_loss: 1.0786519381178306  val_acc: 68.98248307627888 %
Iter:  76000 / 2779120  2.73% 73m 5s trg_loss: 1.587233543395996
Iter:  77000 / 2779120  2.77% 73m 38s trg_loss: 6.024669170379639
Iter:  78000 / 2779120  2.81% 74m 9s trg_loss: 2.7973756790161133
Iter:  79000 / 2779120  2.84% 74m 33s trg_loss: 1.194496512413025
Iter:  80000 / 2779120  2.88% 74m 56s trg_loss: 0.42770814895629883
val_loss: 1.071701248439279  val_acc: 69.67687905645893 %
Iter:  81000 / 2779120  2.91% 77m 39s trg_loss: 2.2524800300598145
Iter:  82000 / 2779120  2.95% 78m 14s trg_loss: 0.2301030308008194
Iter:  83000 / 2779120  2.99% 78m 50s trg_loss: 0.27543899416923523
Iter:  84000 / 2779120  3.02% 79m 38s trg_loss: 1.3578253984451294
Iter:  85000 / 2779120  3.06% 80m 25s trg_loss: 0.3516824543476105
val_loss: 1.0552568521982164  val_acc: 69.90718124084026 %
Iter:  86000 / 2779120  3.09% 82m 19s trg_loss: 5.108561038970947
Iter:  87000 / 2779120  3.13% 82m 52s trg_loss: 2.0602786540985107
Iter:  88000 / 2779120  3.17% 83m 35s trg_loss: 4.918079376220703
Iter:  89000 / 2779120  3.20% 88m 41s trg_loss: 0.1711525321006775
