Loading training data
Loading dictionary of embeddings
Processing training data
Processing validation data
Copying embeddings
Training the model

CATEGORY: fashion
NO OF CLASSES: 14
Iter:   1000 / 2177220  0.05% 0m 47s trg_loss: 1.2434961795806885
Iter:   2000 / 2177220  0.09% 1m 35s trg_loss: 1.6663734912872314
Iter:   3000 / 2177220  0.14% 2m 9s trg_loss: 1.397446632385254
Iter:   4000 / 2177220  0.18% 2m 40s trg_loss: 1.2090364694595337
Iter:   5000 / 2177220  0.23% 3m 22s trg_loss: 1.4585084915161133
val_loss: 1.940060913851439  val_acc: 39.685935366408735 %
Iter:   6000 / 2177220  0.28% 5m 9s trg_loss: 3.809304714202881
Iter:   7000 / 2177220  0.32% 5m 58s trg_loss: 5.110589504241943
Iter:   8000 / 2177220  0.37% 6m 40s trg_loss: 0.42193710803985596
Iter:   9000 / 2177220  0.41% 7m 12s trg_loss: 1.052422285079956
Iter:  10000 / 2177220  0.46% 7m 44s trg_loss: 1.6198447942733765
val_loss: 1.9894163500018986  val_acc: 36.63632225762403 %
Iter:  11000 / 2177220  0.51% 9m 31s trg_loss: 1.048684000968933
Iter:  12000 / 2177220  0.55% 10m 19s trg_loss: 2.3978028297424316
Iter:  13000 / 2177220  0.60% 11m 8s trg_loss: 3.5502371788024902
Iter:  14000 / 2177220  0.64% 11m 42s trg_loss: 0.6446598768234253
Iter:  15000 / 2177220  0.69% 12m 14s trg_loss: 0.36260101199150085
val_loss: 1.896104873237226  val_acc: 41.24260355029586 %
Iter:  16000 / 2177220  0.73% 13m 54s trg_loss: 0.9602258205413818
Iter:  17000 / 2177220  0.78% 14m 42s trg_loss: 1.8748679161071777
Iter:  18000 / 2177220  0.83% 15m 30s trg_loss: 0.398344486951828
Iter:  19000 / 2177220  0.87% 16m 14s trg_loss: 0.4465026259422302
Iter:  20000 / 2177220  0.92% 16m 45s trg_loss: 2.104950428009033
val_loss: 2.0335588951398225  val_acc: 38.598088302230316 %
Iter:  21000 / 2177220  0.96% 18m 51s trg_loss: 3.505709648132324
Iter:  22000 / 2177220  1.01% 19m 40s trg_loss: 3.3685429096221924
Iter:  23000 / 2177220  1.06% 20m 28s trg_loss: 0.9145960807800293
Iter:  24000 / 2177220  1.10% 21m 16s trg_loss: 1.2763309478759766
Iter:  25000 / 2177220  1.15% 22m 3s trg_loss: 1.3675367832183838
val_loss: 1.7870980224002921  val_acc: 42.75830678197542 %
Iter:  26000 / 2177220  1.19% 23m 16s trg_loss: 2.729952335357666
Iter:  27000 / 2177220  1.24% 24m 4s trg_loss: 2.721508502960205
Iter:  28000 / 2177220  1.29% 24m 52s trg_loss: 0.5689511299133301
Iter:  29000 / 2177220  1.33% 25m 41s trg_loss: 1.7265312671661377
Iter:  30000 / 2177220  1.38% 26m 29s trg_loss: 0.3877367079257965
val_loss: 1.7407155280586744  val_acc: 44.34228493400091 %
Iter:  31000 / 2177220  1.42% 27m 41s trg_loss: 8.432409286499023
Iter:  32000 / 2177220  1.47% 28m 29s trg_loss: 2.95542049407959
Iter:  33000 / 2177220  1.52% 29m 18s trg_loss: 2.5772242546081543
Iter:  34000 / 2177220  1.56% 30m 6s trg_loss: 2.441349506378174
Iter:  35000 / 2177220  1.61% 30m 54s trg_loss: 4.044399738311768
val_loss: 1.7636928479909686  val_acc: 43.54119253527537 %
Iter:  36000 / 2177220  1.65% 32m 12s trg_loss: 2.152723789215088
Iter:  37000 / 2177220  1.70% 32m 52s trg_loss: 1.7079896926879883
Iter:  38000 / 2177220  1.75% 33m 40s trg_loss: 0.8604879379272461
Iter:  39000 / 2177220  1.79% 34m 28s trg_loss: 2.6504502296447754
Iter:  40000 / 2177220  1.84% 35m 16s trg_loss: 4.368926525115967
val_loss: 1.7169803770068424  val_acc: 45.36640873918981 %
Iter:  41000 / 2177220  1.88% 37m 39s trg_loss: 1.2672345638275146
Iter:  42000 / 2177220  1.93% 38m 20s trg_loss: 2.444973945617676
Iter:  43000 / 2177220  1.97% 39m 8s trg_loss: 0.41299954056739807
Iter:  44000 / 2177220  2.02% 39m 56s trg_loss: 0.7650883197784424
Iter:  45000 / 2177220  2.07% 40m 45s trg_loss: 0.7172313332557678
val_loss: 1.6425374329607867  val_acc: 47.49203459262631 %
Iter:  46000 / 2177220  2.11% 42m 7s trg_loss: 3.0262646675109863
Iter:  47000 / 2177220  2.16% 42m 42s trg_loss: 0.8057419061660767
Iter:  48000 / 2177220  2.20% 43m 30s trg_loss: 0.3389253616333008
Iter:  49000 / 2177220  2.25% 44m 18s trg_loss: 1.587788701057434
Iter:  50000 / 2177220  2.30% 45m 6s trg_loss: 0.11900204420089722
val_loss: 1.6257530062352372  val_acc: 48.10195721438325 %
Iter:  51000 / 2177220  2.34% 46m 37s trg_loss: 0.4955713748931885
Iter:  52000 / 2177220  2.39% 47m 8s trg_loss: 1.2414214611053467
Iter:  53000 / 2177220  2.43% 47m 51s trg_loss: 2.2723331451416016
Iter:  54000 / 2177220  2.48% 48m 39s trg_loss: 3.4362564086914062
Iter:  55000 / 2177220  2.53% 49m 27s trg_loss: 0.565906286239624
val_loss: 1.6271549820723619  val_acc: 47.25989986345016 %
Iter:  56000 / 2177220  2.57% 51m 7s trg_loss: 2.0522477626800537
Iter:  57000 / 2177220  2.62% 51m 39s trg_loss: 3.1032626628875732
Iter:  58000 / 2177220  2.66% 52m 13s trg_loss: 2.920447587966919
Iter:  59000 / 2177220  2.71% 53m 1s trg_loss: 3.3831801414489746
Iter:  60000 / 2177220  2.76% 53m 49s trg_loss: 0.8284878730773926
val_loss: 1.6191468298438603  val_acc: 48.47064178425125 %
Iter:  61000 / 2177220  2.80% 56m 11s trg_loss: 6.2890625
Iter:  62000 / 2177220  2.85% 56m 35s trg_loss: 2.324706554412842
Iter:  63000 / 2177220  2.89% 57m 9s trg_loss: 6.277253150939941
Iter:  64000 / 2177220  2.94% 57m 57s trg_loss: 1.7613615989685059
Iter:  65000 / 2177220  2.99% 58m 45s trg_loss: 0.7243949770927429
val_loss: 1.5756019356457176  val_acc: 49.631315430132 %
Iter:  66000 / 2177220  3.03% 60m 29s trg_loss: 2.466282844543457
Iter:  67000 / 2177220  3.08% 61m 1s trg_loss: 2.073655366897583
Iter:  68000 / 2177220  3.12% 61m 32s trg_loss: 0.5588743686676025
Iter:  69000 / 2177220  3.17% 62m 20s trg_loss: 0.5620381832122803
Iter:  70000 / 2177220  3.22% 63m 8s trg_loss: 1.6480251550674438
val_loss: 1.5757510644434278  val_acc: 49.82248520710059 %
Iter:  71000 / 2177220  3.26% 64m 56s trg_loss: 3.473867416381836
Iter:  72000 / 2177220  3.31% 65m 31s trg_loss: 1.0275530815124512
Iter:  73000 / 2177220  3.35% 66m 3s trg_loss: 0.633759081363678
Iter:  74000 / 2177220  3.40% 66m 42s trg_loss: 0.7442353963851929
Iter:  75000 / 2177220  3.44% 67m 30s trg_loss: 0.38344553112983704
val_loss: 1.5625827321022538  val_acc: 50.63723258989531 %
Iter:  76000 / 2177220  3.49% 69m 18s trg_loss: 1.3710927963256836
Iter:  77000 / 2177220  3.54% 70m 2s trg_loss: 1.2904558181762695
Iter:  78000 / 2177220  3.58% 70m 33s trg_loss: 0.24953867495059967
Iter:  79000 / 2177220  3.63% 71m 5s trg_loss: 1.8583307266235352
Iter:  80000 / 2177220  3.67% 71m 53s trg_loss: 2.1400504112243652
val_loss: 1.5559377242217556  val_acc: 50.568957669549384 %
Iter:  81000 / 2177220  3.72% 74m 29s trg_loss: 0.8566306233406067
Iter:  82000 / 2177220  3.77% 74m 54s trg_loss: 0.19319140911102295
Iter:  83000 / 2177220  3.81% 75m 18s trg_loss: 2.529799461364746
Iter:  84000 / 2177220  3.86% 75m 43s trg_loss: 1.9630013704299927
Iter:  85000 / 2177220  3.90% 76m 31s trg_loss: 0.9811060428619385
val_loss: 1.5405289458973048  val_acc: 50.746472462448786 %
Iter:  86000 / 2177220  3.95% 78m 19s trg_loss: 0.18611201643943787
Iter:  87000 / 2177220  4.00% 79m 7s trg_loss: 0.4385278820991516
Iter:  88000 / 2177220  4.04% 79m 41s trg_loss: 2.161234140396118
Iter:  89000 / 2177220  4.09% 80m 12s trg_loss: 0.9740010499954224
Iter:  90000 / 2177220  4.13% 80m 53s trg_loss: 0.14106853306293488
val_loss: 1.5340320722997876  val_acc: 51.083295402822024 %
Iter:  91000 / 2177220  4.18% 84m 33s trg_loss: 0.7326218485832214
