Loading training data
Loading dictionary of embeddings
Processing training data
Processing validation data
Copying embeddings
Training the model

CATEGORY: fashion
NO OF CLASSES: 14
Iter:   1000 / 2177220  0.05% 0m 23s trg_loss: 0.13098359107971191
Iter:   2000 / 2177220  0.09% 0m 47s trg_loss: 2.3581128120422363
Iter:   3000 / 2177220  0.14% 1m 10s trg_loss: 2.0203888416290283
Iter:   4000 / 2177220  0.18% 1m 33s trg_loss: 0.6085873246192932
Iter:   5000 / 2177220  0.23% 1m 56s trg_loss: 0.024291500449180603
val_loss: 1.9439041260837553  val_acc: 42.84934000910332 %
Iter:   6000 / 2177220  0.28% 2m 37s trg_loss: 0.6855006814002991
Iter:   7000 / 2177220  0.32% 3m 0s trg_loss: 2.9108424186706543
Iter:   8000 / 2177220  0.37% 3m 23s trg_loss: 1.1911226511001587
Iter:   9000 / 2177220  0.41% 3m 46s trg_loss: 0.8864126801490784
Iter:  10000 / 2177220  0.46% 4m 9s trg_loss: 1.392438292503357
val_loss: 1.9142145056532918  val_acc: 41.62949476558944 %
Iter:  11000 / 2177220  0.51% 4m 50s trg_loss: 1.952413558959961
Iter:  12000 / 2177220  0.55% 5m 13s trg_loss: 1.830394983291626
Iter:  13000 / 2177220  0.60% 5m 36s trg_loss: 0.8573015928268433
Iter:  14000 / 2177220  0.64% 5m 59s trg_loss: 1.3892422914505005
Iter:  15000 / 2177220  0.69% 6m 23s trg_loss: 4.293000221252441
val_loss: 1.9426504362075372  val_acc: 36.422394173873464 %
Iter:  16000 / 2177220  0.73% 7m 4s trg_loss: 1.0740513801574707
Iter:  17000 / 2177220  0.78% 7m 28s trg_loss: 1.7923234701156616
Iter:  18000 / 2177220  0.83% 7m 52s trg_loss: 2.1905734539031982
Iter:  19000 / 2177220  0.87% 8m 15s trg_loss: 2.244703769683838
Iter:  20000 / 2177220  0.92% 8m 39s trg_loss: 3.5628159046173096
val_loss: 1.9424969954592712  val_acc: 37.19162494310424 %
Iter:  21000 / 2177220  0.96% 10m 6s trg_loss: 1.984158992767334
Iter:  22000 / 2177220  1.01% 10m 30s trg_loss: 2.522401809692383
Iter:  23000 / 2177220  1.06% 10m 53s trg_loss: 1.4408316612243652
Iter:  24000 / 2177220  1.10% 11m 16s trg_loss: 2.756873846054077
Iter:  25000 / 2177220  1.15% 11m 39s trg_loss: 1.4843523502349854
val_loss: 1.7525080730547238  val_acc: 40.59171597633136 %
Iter:  26000 / 2177220  1.19% 12m 21s trg_loss: 0.23907968401908875
Iter:  27000 / 2177220  1.24% 12m 45s trg_loss: 1.6183749437332153
Iter:  28000 / 2177220  1.29% 13m 8s trg_loss: 0.8028826117515564
Iter:  29000 / 2177220  1.33% 13m 31s trg_loss: 1.085464596748352
Iter:  30000 / 2177220  1.38% 13m 54s trg_loss: 1.723495602607727
val_loss: 1.7133341605901171  val_acc: 45.23896222121074 %
Iter:  31000 / 2177220  1.42% 14m 35s trg_loss: 2.7546939849853516
Iter:  32000 / 2177220  1.47% 14m 59s trg_loss: 0.8307238221168518
Iter:  33000 / 2177220  1.52% 15m 22s trg_loss: 0.05314719304442406
Iter:  34000 / 2177220  1.56% 15m 45s trg_loss: 0.6434041261672974
Iter:  35000 / 2177220  1.61% 16m 8s trg_loss: 1.2692151069641113
val_loss: 1.7160318744411984  val_acc: 43.29540282203004 %
Iter:  36000 / 2177220  1.65% 16m 52s trg_loss: 0.7897704243659973
Iter:  37000 / 2177220  1.70% 17m 16s trg_loss: 2.3521358966827393
Iter:  38000 / 2177220  1.75% 17m 39s trg_loss: 0.45380979776382446
Iter:  39000 / 2177220  1.79% 18m 3s trg_loss: 3.0059022903442383
Iter:  40000 / 2177220  1.84% 18m 26s trg_loss: 0.30662664771080017
val_loss: 1.6670440044449697  val_acc: 45.52571688666363 %
Iter:  41000 / 2177220  1.88% 19m 52s trg_loss: 1.9913736581802368
Iter:  42000 / 2177220  1.93% 20m 15s trg_loss: 0.502971887588501
Iter:  43000 / 2177220  1.97% 20m 38s trg_loss: 0.4431493282318115
Iter:  44000 / 2177220  2.02% 21m 1s trg_loss: 2.075873851776123
Iter:  45000 / 2177220  2.07% 21m 25s trg_loss: 1.6287713050842285
val_loss: 1.6201241115068286  val_acc: 47.25079654073737 %
Iter:  46000 / 2177220  2.11% 22m 5s trg_loss: 3.9342548847198486
Iter:  47000 / 2177220  2.16% 22m 29s trg_loss: 0.8192304372787476
Iter:  48000 / 2177220  2.20% 22m 52s trg_loss: 0.12020021677017212
Iter:  49000 / 2177220  2.25% 23m 15s trg_loss: 0.28112033009529114
Iter:  50000 / 2177220  2.30% 23m 38s trg_loss: 1.6545727252960205
val_loss: 1.5998732057926115  val_acc: 48.229403732362314 %
Iter:  51000 / 2177220  2.34% 24m 20s trg_loss: 1.1551034450531006
Iter:  52000 / 2177220  2.39% 24m 44s trg_loss: 0.9435027837753296
Iter:  53000 / 2177220  2.43% 25m 7s trg_loss: 1.1747537851333618
Iter:  54000 / 2177220  2.48% 25m 31s trg_loss: 0.759186327457428
Iter:  55000 / 2177220  2.53% 25m 54s trg_loss: 0.4765776991844177
val_loss: 1.5876136096744404  val_acc: 48.734638142922165 %
Iter:  56000 / 2177220  2.57% 26m 36s trg_loss: 3.6308131217956543
Iter:  57000 / 2177220  2.62% 26m 59s trg_loss: 1.2430907487869263
Iter:  58000 / 2177220  2.66% 27m 22s trg_loss: 1.526909351348877
Iter:  59000 / 2177220  2.71% 27m 46s trg_loss: 0.6489583849906921
Iter:  60000 / 2177220  2.76% 28m 9s trg_loss: 1.8069136142730713
val_loss: 1.5860556052946628  val_acc: 48.934911242603555 %
Iter:  61000 / 2177220  2.80% 29m 42s trg_loss: 0.11749010533094406
Iter:  62000 / 2177220  2.85% 30m 6s trg_loss: 1.2672722339630127
Iter:  63000 / 2177220  2.89% 30m 29s trg_loss: 1.0879154205322266
Iter:  64000 / 2177220  2.94% 30m 52s trg_loss: 1.6254241466522217
Iter:  65000 / 2177220  2.99% 31m 16s trg_loss: 0.7030225396156311
val_loss: 1.5454590255186758  val_acc: 50.045516613563954 %
Iter:  66000 / 2177220  3.03% 31m 57s trg_loss: 0.6668312549591064
Iter:  67000 / 2177220  3.08% 32m 20s trg_loss: 2.564397096633911
Iter:  68000 / 2177220  3.12% 32m 44s trg_loss: 0.6722232103347778
Iter:  69000 / 2177220  3.17% 33m 7s trg_loss: 1.1516773700714111
Iter:  70000 / 2177220  3.22% 33m 30s trg_loss: 0.7149519920349121
val_loss: 1.537297723613426  val_acc: 50.34592626308603 %
Iter:  71000 / 2177220  3.26% 34m 14s trg_loss: 0.6540896892547607
Iter:  72000 / 2177220  3.31% 34m 37s trg_loss: 2.4383490085601807
Iter:  73000 / 2177220  3.35% 35m 1s trg_loss: 2.456212282180786
Iter:  74000 / 2177220  3.40% 35m 24s trg_loss: 2.6799354553222656
Iter:  75000 / 2177220  3.44% 35m 48s trg_loss: 2.7643463611602783
val_loss: 1.5277089020708288  val_acc: 50.582612653618575 %
Iter:  76000 / 2177220  3.49% 36m 29s trg_loss: 1.390805721282959
Iter:  77000 / 2177220  3.54% 36m 53s trg_loss: 1.5976476669311523
Iter:  78000 / 2177220  3.58% 37m 16s trg_loss: 1.2135990858078003
Iter:  79000 / 2177220  3.63% 37m 39s trg_loss: 0.4779370427131653
Iter:  80000 / 2177220  3.67% 38m 3s trg_loss: 0.4769812226295471
val_loss: 1.5198640804749357  val_acc: 50.728265817023214 %
Iter:  81000 / 2177220  3.72% 39m 31s trg_loss: 0.3127582371234894
Iter:  82000 / 2177220  3.77% 39m 54s trg_loss: 0.5622455477714539
Iter:  83000 / 2177220  3.81% 40m 18s trg_loss: 1.1198506355285645
Iter:  84000 / 2177220  3.86% 40m 41s trg_loss: 0.8265018463134766
Iter:  85000 / 2177220  3.90% 41m 4s trg_loss: 1.0342676639556885
val_loss: 1.5080644497682854  val_acc: 51.58852981338189 %
Iter:  86000 / 2177220  3.95% 41m 45s trg_loss: 2.039745330810547
Iter:  87000 / 2177220  4.00% 42m 9s trg_loss: 0.06226113438606262
Iter:  88000 / 2177220  4.04% 42m 32s trg_loss: 0.5887767672538757
Iter:  89000 / 2177220  4.09% 42m 55s trg_loss: 0.49040547013282776
Iter:  90000 / 2177220  4.13% 43m 19s trg_loss: 1.2196240425109863
val_loss: 1.5041606523982314  val_acc: 51.433773327264454 %
Iter:  91000 / 2177220  4.18% 44m 0s trg_loss: 2.3748888969421387
Iter:  92000 / 2177220  4.23% 44m 23s trg_loss: 0.58907550573349
Iter:  93000 / 2177220  4.27% 44m 46s trg_loss: 1.521149754524231
Iter:  94000 / 2177220  4.32% 45m 9s trg_loss: 1.3658608198165894
Iter:  95000 / 2177220  4.36% 45m 33s trg_loss: 2.312236785888672
val_loss: 1.500106674238139  val_acc: 51.9344560764679 %
Iter:  96000 / 2177220  4.41% 46m 15s trg_loss: 0.1196155920624733
Iter:  97000 / 2177220  4.46% 46m 38s trg_loss: 0.06962393969297409
Iter:  98000 / 2177220  4.50% 47m 1s trg_loss: 1.016863226890564
Iter:  99000 / 2177220  4.55% 47m 25s trg_loss: 0.42770665884017944
Iter: 100000 / 2177220  4.59% 47m 48s trg_loss: 0.903681218624115
val_loss: 1.4964793142193693  val_acc: 51.916249431042324 %
Iter: 101000 / 2177220  4.64% 49m 15s trg_loss: 0.6618881225585938
Iter: 102000 / 2177220  4.68% 49m 38s trg_loss: 0.8018710613250732
Iter: 103000 / 2177220  4.73% 50m 1s trg_loss: 0.3980320990085602
Iter: 104000 / 2177220  4.78% 50m 24s trg_loss: 0.11439068615436554
Iter: 105000 / 2177220  4.82% 50m 48s trg_loss: 0.5826114416122437
val_loss: 1.4901534801366847  val_acc: 52.248520710059175 %
Iter: 106000 / 2177220  4.87% 51m 29s trg_loss: 0.521030068397522
Iter: 107000 / 2177220  4.91% 51m 52s trg_loss: 3.404940366744995
Iter: 108000 / 2177220  4.96% 52m 15s trg_loss: 0.2636937201023102
Iter: 109000 / 2177220  5.01% 52m 38s trg_loss: 0.472268283367157
Iter: 110000 / 2177220  5.05% 53m 2s trg_loss: 2.068856954574585
val_loss: 1.486037312704785  val_acc: 52.18479745106964 %
Iter: 111000 / 2177220  5.10% 53m 44s trg_loss: 1.7394980192184448
Iter: 112000 / 2177220  5.14% 54m 7s trg_loss: 1.5986814498901367
Iter: 113000 / 2177220  5.19% 54m 31s trg_loss: 0.6146351099014282
Iter: 114000 / 2177220  5.24% 54m 54s trg_loss: 0.7793076038360596
Iter: 115000 / 2177220  5.28% 55m 17s trg_loss: 0.18008023500442505
val_loss: 1.4830584822024944  val_acc: 52.18024578971324 %
Iter: 116000 / 2177220  5.33% 55m 59s trg_loss: 0.4964069724082947
Iter: 117000 / 2177220  5.37% 56m 22s trg_loss: 0.6042634844779968
Iter: 118000 / 2177220  5.42% 56m 45s trg_loss: 0.35851994156837463
Iter: 119000 / 2177220  5.47% 57m 9s trg_loss: 0.9985605478286743
Iter: 120000 / 2177220  5.51% 57m 32s trg_loss: 2.0978844165802
val_loss: 1.4808614935666156  val_acc: 52.29403732362312 %
Iter: 121000 / 2177220  5.56% 59m 3s trg_loss: 0.15928533673286438
Iter: 122000 / 2177220  5.60% 59m 26s trg_loss: 0.3477661907672882
Iter: 123000 / 2177220  5.65% 59m 50s trg_loss: 0.8300781846046448
Iter: 124000 / 2177220  5.70% 60m 13s trg_loss: 0.5244366526603699
Iter: 125000 / 2177220  5.74% 60m 36s trg_loss: 1.8066970109939575
val_loss: 1.4783458781755254  val_acc: 52.43969048702777 %
Iter: 126000 / 2177220  5.79% 61m 17s trg_loss: 2.0457839965820312
Iter: 127000 / 2177220  5.83% 61m 40s trg_loss: 2.1721394062042236
Iter: 128000 / 2177220  5.88% 62m 3s trg_loss: 2.047642707824707
Iter: 129000 / 2177220  5.92% 62m 27s trg_loss: 0.7638134360313416
Iter: 130000 / 2177220  5.97% 62m 50s trg_loss: 2.210603713989258
val_loss: 1.4777133552525952  val_acc: 52.62175694128357 %
Iter: 131000 / 2177220  6.02% 63m 31s trg_loss: 0.32973262667655945
Iter: 132000 / 2177220  6.06% 63m 54s trg_loss: 0.9444624185562134
Iter: 133000 / 2177220  6.11% 64m 18s trg_loss: 0.3035445511341095
Iter: 134000 / 2177220  6.15% 64m 41s trg_loss: 1.0989917516708374
Iter: 135000 / 2177220  6.20% 65m 4s trg_loss: 0.5217628479003906
val_loss: 1.4767413164904082  val_acc: 52.42603550295858 %
Iter: 136000 / 2177220  6.25% 65m 45s trg_loss: 1.5311412811279297
Iter: 137000 / 2177220  6.29% 66m 8s trg_loss: 1.7203056812286377
Iter: 138000 / 2177220  6.34% 66m 31s trg_loss: 1.4490101337432861
Iter: 139000 / 2177220  6.38% 66m 54s trg_loss: 1.0514994859695435
Iter: 140000 / 2177220  6.43% 67m 18s trg_loss: 0.16947530210018158
val_loss: 1.4756719182611264  val_acc: 52.50796540737369 %
Iter: 141000 / 2177220  6.48% 68m 43s trg_loss: 0.4733927547931671
Iter: 142000 / 2177220  6.52% 69m 6s trg_loss: 1.0833171606063843
Iter: 143000 / 2177220  6.57% 69m 30s trg_loss: 1.9369583129882812
Iter: 144000 / 2177220  6.61% 69m 53s trg_loss: 3.3776097297668457
Iter: 145000 / 2177220  6.66% 70m 16s trg_loss: 2.673297643661499
val_loss: 1.47351219094178  val_acc: 52.56713700500683 %
Iter: 146000 / 2177220  6.71% 70m 58s trg_loss: 1.0136370658874512
Iter: 147000 / 2177220  6.75% 71m 21s trg_loss: 2.8456926345825195
Iter: 148000 / 2177220  6.80% 71m 45s trg_loss: 1.4177173376083374
Iter: 149000 / 2177220  6.84% 72m 8s trg_loss: 0.6944964528083801
Iter: 150000 / 2177220  6.89% 72m 31s trg_loss: 2.9815382957458496
val_loss: 1.4718768619889209  val_acc: 52.58079198907601 %
Iter: 151000 / 2177220  6.94% 73m 12s trg_loss: 0.8667999505996704
Iter: 152000 / 2177220  6.98% 73m 35s trg_loss: 1.644378900527954
Iter: 153000 / 2177220  7.03% 73m 58s trg_loss: 1.3102339506149292
Iter: 154000 / 2177220  7.07% 74m 22s trg_loss: 1.0068424940109253
Iter: 155000 / 2177220  7.12% 74m 45s trg_loss: 0.7617479562759399
val_loss: 1.4707556253399476  val_acc: 52.644515248065545 %
Iter: 156000 / 2177220  7.17% 75m 28s trg_loss: 3.636101722717285
Iter: 157000 / 2177220  7.21% 75m 52s trg_loss: 2.0306777954101562
Iter: 158000 / 2177220  7.26% 76m 15s trg_loss: 0.21692249178886414
Iter: 159000 / 2177220  7.30% 76m 38s trg_loss: 2.857590436935425
Iter: 160000 / 2177220  7.35% 77m 2s trg_loss: 0.5563165545463562
val_loss: 1.4698425231354577  val_acc: 52.71734182976786 %
Iter: 161000 / 2177220  7.39% 78m 29s trg_loss: 0.7482189536094666
Iter: 162000 / 2177220  7.44% 78m 52s trg_loss: 0.06773612648248672
Iter: 163000 / 2177220  7.49% 79m 15s trg_loss: 3.6216180324554443
Iter: 164000 / 2177220  7.53% 79m 39s trg_loss: 1.0140119791030884
Iter: 165000 / 2177220  7.58% 80m 2s trg_loss: 0.8518665432929993
val_loss: 1.469573834384465  val_acc: 52.73099681383705 %
Iter: 166000 / 2177220  7.62% 80m 43s trg_loss: 3.0647149085998535
Iter: 167000 / 2177220  7.67% 81m 6s trg_loss: 1.7427141666412354
Iter: 168000 / 2177220  7.72% 81m 29s trg_loss: 0.35091856122016907
Iter: 169000 / 2177220  7.76% 81m 52s trg_loss: 1.925199031829834
Iter: 170000 / 2177220  7.81% 82m 15s trg_loss: 0.6156242489814758
val_loss: 1.46944405491364  val_acc: 52.744651797906236 %
Iter: 171000 / 2177220  7.85% 82m 58s trg_loss: 1.9078954458236694
Iter: 172000 / 2177220  7.90% 83m 21s trg_loss: 0.9280741810798645
Iter: 173000 / 2177220  7.95% 83m 44s trg_loss: 3.120969533920288
Iter: 174000 / 2177220  7.99% 84m 8s trg_loss: 0.5830918550491333
Iter: 175000 / 2177220  8.04% 84m 31s trg_loss: 0.13880322873592377
val_loss: 1.4692102797573172  val_acc: 52.671825216203914 %
Iter: 176000 / 2177220  8.08% 85m 13s trg_loss: 2.6970157623291016
Iter: 177000 / 2177220  8.13% 85m 36s trg_loss: 0.3971642255783081
Iter: 178000 / 2177220  8.18% 85m 59s trg_loss: 0.7998583316802979
Iter: 179000 / 2177220  8.22% 86m 22s trg_loss: 1.413423776626587
Iter: 180000 / 2177220  8.27% 86m 45s trg_loss: 0.09722428023815155
val_loss: 1.4688004582181604  val_acc: 52.69913518434228 %
Iter: 181000 / 2177220  8.31% 88m 6s trg_loss: 1.3947863578796387
Iter: 182000 / 2177220  8.36% 88m 29s trg_loss: 1.7400548458099365
Iter: 183000 / 2177220  8.41% 88m 52s trg_loss: 0.9347855448722839
Iter: 184000 / 2177220  8.45% 89m 15s trg_loss: 4.739221572875977
Iter: 185000 / 2177220  8.50% 89m 38s trg_loss: 0.46490728855133057
val_loss: 1.4684951828059862  val_acc: 52.703686845698684 %
Iter: 186000 / 2177220  8.54% 90m 19s trg_loss: 1.6512635946273804
Iter: 187000 / 2177220  8.59% 90m 42s trg_loss: 0.30044397711753845
Iter: 188000 / 2177220  8.63% 91m 5s trg_loss: 1.5201797485351562
Iter: 189000 / 2177220  8.68% 91m 29s trg_loss: 1.1372599601745605
Iter: 190000 / 2177220  8.73% 91m 52s trg_loss: 1.0118677616119385
val_loss: 1.468190201025831  val_acc: 52.65817023213473 %
Iter: 191000 / 2177220  8.77% 92m 33s trg_loss: 3.209461212158203
Iter: 192000 / 2177220  8.82% 92m 56s trg_loss: 7.37679386138916
Iter: 193000 / 2177220  8.86% 93m 19s trg_loss: 0.8979154825210571
Iter: 194000 / 2177220  8.91% 93m 42s trg_loss: 2.4682326316833496
Iter: 195000 / 2177220  8.96% 94m 5s trg_loss: 2.475335121154785
val_loss: 1.468153053626942  val_acc: 52.77651342740101 %
Iter: 196000 / 2177220  9.00% 94m 46s trg_loss: 2.2023935317993164
Iter: 197000 / 2177220  9.05% 95m 9s trg_loss: 0.7193634510040283
Traceback (most recent call last):
  File "/mnt/data/Competitions/NSDC 2019/National-Data-Science-Challenge/text_pytorch.py", line 179, in <module>
    x, y = getNextTrainingExample()
  File "/mnt/data/Competitions/NSDC 2019/National-Data-Science-Challenge/text_pytorch.py", line 72, in getNextTrainingExample
    newY = torch.tensor([y_train[current_training_example + current_chunk * chunk_size]]).to(device)
IndexError: list index out of range
