Loading dictionary of embeddings
Training the model
Number of iterations: 5999540
Iter:   1000  0.02% 0m 25s trg_loss: 3.2174577713012695
Iter:   2000  0.03% 0m 50s trg_loss: 4.704684257507324
Iter:   3000  0.05% 1m 14s trg_loss: 2.6374876499176025
Iter:   4000  0.07% 1m 39s trg_loss: 0.5786373615264893
Iter:   5000  0.08% 2m 5s trg_loss: 1.3925268650054932
val_loss: 2.115447916550438  val_acc: 45.90840221418821 %
Iter:   6000  0.10% 4m 42s trg_loss: 2.944888114929199
Iter:   7000  0.12% 5m 8s trg_loss: 0.005047198850661516
Iter:   8000  0.13% 5m 33s trg_loss: 0.007136449683457613
Iter:   9000  0.15% 5m 59s trg_loss: 5.305466175079346
Iter:  10000  0.17% 6m 24s trg_loss: 2.1773488521575928
val_loss: 2.207372609822262  val_acc: 46.22192886395344 %
Iter:  11000  0.18% 8m 57s trg_loss: 3.2373664379119873
Iter:  12000  0.20% 9m 23s trg_loss: 1.8986594676971436
Iter:  13000  0.22% 9m 48s trg_loss: 2.8652877807617188
Iter:  14000  0.23% 10m 13s trg_loss: 0.07797031849622726
Iter:  15000  0.25% 10m 38s trg_loss: 2.0680429935455322
val_loss: 2.2770155205382188  val_acc: 43.4796957741408 %
Iter:  16000  0.27% 12m 51s trg_loss: 6.06681489944458
Iter:  17000  0.28% 13m 16s trg_loss: 0.14785192906856537
Iter:  18000  0.30% 13m 41s trg_loss: 2.3071131706237793
Iter:  19000  0.32% 14m 6s trg_loss: 0.37133294343948364
Iter:  20000  0.33% 14m 32s trg_loss: 0.0022708598989993334
val_loss: 1.816691658611017  val_acc: 51.26235730037053 %
Iter:  21000  0.35% 16m 47s trg_loss: 1.3215341567993164
Iter:  22000  0.37% 17m 12s trg_loss: 0.13903002440929413
Iter:  23000  0.38% 17m 37s trg_loss: 2.7688019275665283
Iter:  24000  0.40% 18m 2s trg_loss: 1.7286102771759033
Iter:  25000  0.42% 18m 27s trg_loss: 2.106142520904541
val_loss: 1.7519692972215133  val_acc: 52.12643074661346 %
Iter:  26000  0.43% 21m 0s trg_loss: 0.8520956635475159
Iter:  27000  0.45% 21m 25s trg_loss: 4.725244045257568
Iter:  28000  0.47% 21m 50s trg_loss: 2.3368852138519287
Iter:  29000  0.48% 22m 15s trg_loss: 0.023071542382240295
Iter:  30000  0.50% 22m 40s trg_loss: 0.5971447229385376
val_loss: 1.713974391009273  val_acc: 53.21852357450383 %
Iter:  31000  0.52% 25m 7s trg_loss: 7.002853870391846
Iter:  32000  0.53% 25m 32s trg_loss: 0.05203641951084137
Iter:  33000  0.55% 25m 57s trg_loss: 0.09300854802131653
Iter:  34000  0.57% 26m 22s trg_loss: 2.0903563499450684
Iter:  35000  0.58% 26m 47s trg_loss: 0.8341051340103149
val_loss: 1.5581786720151964  val_acc: 56.82182985553772 %
Iter:  36000  0.60% 29m 2s trg_loss: 0.10626577585935593
Iter:  37000  0.62% 29m 27s trg_loss: 3.996300220489502
Iter:  38000  0.63% 29m 52s trg_loss: 2.933199882507324
Iter:  39000  0.65% 30m 17s trg_loss: 1.7267788648605347
Iter:  40000  0.67% 30m 42s trg_loss: 4.146500587463379
val_loss: 1.5180191426863239  val_acc: 56.57130856122771 %
Iter:  41000  0.68% 32m 48s trg_loss: 2.217970132827759
Iter:  42000  0.70% 33m 13s trg_loss: 0.018162252381443977
Iter:  43000  0.72% 33m 37s trg_loss: 0.06123702973127365
Iter:  44000  0.73% 34m 2s trg_loss: 2.3842649459838867
Iter:  45000  0.75% 34m 26s trg_loss: 0.5710772275924683
val_loss: 1.4711653059077658  val_acc: 59.49505707985179 %
Iter:  46000  0.77% 36m 41s trg_loss: 0.006632812786847353
Iter:  47000  0.78% 37m 6s trg_loss: 0.7432227730751038
Iter:  48000  0.80% 37m 32s trg_loss: 1.51717209815979
Iter:  49000  0.82% 37m 57s trg_loss: 4.031161785125732
Iter:  50000  0.83% 38m 22s trg_loss: 0.07059639692306519
val_loss: 1.4209791770041231  val_acc: 60.09510808418715 %
Iter:  51000  0.85% 40m 38s trg_loss: 1.2387199401855469
Iter:  52000  0.87% 41m 3s trg_loss: 0.47150707244873047
Iter:  53000  0.88% 41m 28s trg_loss: 0.7892000079154968
Iter:  54000  0.90% 41m 53s trg_loss: 0.09162832051515579
Iter:  55000  0.92% 42m 17s trg_loss: 5.292045593261719
val_loss: 1.3949438392842564  val_acc: 60.34862963351885 %
Iter:  56000  0.93% 44m 20s trg_loss: 0.4945886433124542
Iter:  57000  0.95% 44m 45s trg_loss: 2.892514705657959
Iter:  58000  0.97% 45m 10s trg_loss: 1.8143140077590942
Iter:  59000  0.98% 45m 35s trg_loss: 1.1767348051071167
Iter:  60000  1.00% 46m 0s trg_loss: 1.6550817489624023
val_loss: 1.3743203066421312  val_acc: 61.38071736097568 %
Iter:  61000  1.02% 48m 17s trg_loss: 2.334718704223633
Iter:  62000  1.03% 48m 42s trg_loss: 1.1645545959472656
Iter:  63000  1.05% 49m 6s trg_loss: 0.0793679729104042
Iter:  64000  1.07% 49m 31s trg_loss: 0.5738458037376404
Iter:  65000  1.08% 49m 56s trg_loss: 4.604875564575195
val_loss: 1.3476400097375691  val_acc: 61.69424401074092 %
Iter:  66000  1.10% 52m 16s trg_loss: 1.838658332824707
Iter:  67000  1.12% 52m 41s trg_loss: 4.124585151672363
Iter:  68000  1.13% 53m 6s trg_loss: 0.19249416887760162
Iter:  69000  1.15% 53m 31s trg_loss: 0.5847799181938171
Iter:  70000  1.17% 53m 56s trg_loss: 0.004293391015380621
val_loss: 1.3337825419037068  val_acc: 62.39180330328078 %
Iter:  71000  1.18% 56m 8s trg_loss: 0.03572092577815056
Iter:  72000  1.20% 56m 33s trg_loss: 3.9436299800872803
Iter:  73000  1.22% 56m 58s trg_loss: 0.18515357375144958
Iter:  74000  1.23% 57m 23s trg_loss: 5.992340087890625
Iter:  75000  1.25% 57m 48s trg_loss: 0.011267954483628273
val_loss: 1.3150569293549248  val_acc: 62.796837731207155 %
Iter:  76000  1.27% 59m 52s trg_loss: 1.394343614578247
Iter:  77000  1.28% 60m 17s trg_loss: 0.056282609701156616
Iter:  78000  1.30% 60m 42s trg_loss: 2.4521234035491943
Iter:  79000  1.32% 61m 6s trg_loss: 2.167868137359619
Iter:  80000  1.33% 61m 31s trg_loss: 5.054839611053467
val_loss: 1.307750683087068  val_acc: 62.85684283164069 %
Iter:  81000  1.35% 63m 33s trg_loss: 0.0820799171924591
Iter:  82000  1.37% 63m 58s trg_loss: 1.0067476034164429
Iter:  83000  1.38% 64m 23s trg_loss: 0.9500938653945923
Iter:  84000  1.40% 64m 47s trg_loss: 0.364463746547699
Iter:  85000  1.42% 65m 12s trg_loss: 1.5880002975463867
val_loss: 1.3011132992273724  val_acc: 62.95735137486687 %
Iter:  86000  1.43% 67m 15s trg_loss: 2.760308265686035
Iter:  87000  1.45% 67m 40s trg_loss: 0.024306392297148705
Iter:  88000  1.47% 68m 4s trg_loss: 0.6084714531898499
Iter:  89000  1.48% 68m 29s trg_loss: 0.2095491588115692
Iter:  90000  1.50% 68m 54s trg_loss: 1.8158459663391113
val_loss: 1.2971011084409572  val_acc: 63.05185940804968 %
Iter:  91000  1.52% 70m 53s trg_loss: 2.3472368717193604
Iter:  92000  1.53% 71m 17s trg_loss: 0.004723106045275927
Iter:  93000  1.55% 71m 42s trg_loss: 1.1838254928588867
Iter:  94000  1.57% 72m 6s trg_loss: 4.020044803619385
Iter:  95000  1.58% 72m 31s trg_loss: 0.0476352795958519
val_loss: 1.2914951576134668  val_acc: 63.299380447338024 %
Iter:  96000  1.60% 74m 30s trg_loss: 0.16664543747901917
Iter:  97000  1.62% 74m 55s trg_loss: 0.9075927138328552
Iter:  98000  1.63% 75m 19s trg_loss: 0.6599712371826172
Iter:  99000  1.65% 75m 44s trg_loss: 0.7177971005439758
Iter: 100000  1.67% 76m 8s trg_loss: 0.1697225123643875
val_loss: 1.2876354075280458  val_acc: 63.33238325257648 %
Iter: 101000  1.68% 78m 7s trg_loss: 0.02326582930982113
Iter: 102000  1.70% 78m 32s trg_loss: 0.016210300847887993
Iter: 103000  1.72% 78m 56s trg_loss: 1.9018073081970215
Iter: 104000  1.73% 79m 21s trg_loss: 0.35755276679992676
Iter: 105000  1.75% 79m 45s trg_loss: 0.511478841304779
val_loss: 1.2842034784501362  val_acc: 63.41189001065091 %
Iter: 106000  1.77% 81m 48s trg_loss: 0.9976727962493896
Iter: 107000  1.78% 82m 13s trg_loss: 2.299281120300293
Iter: 108000  1.80% 82m 37s trg_loss: 0.630939781665802
Iter: 109000  1.82% 83m 2s trg_loss: 0.30529648065567017
Iter: 110000  1.83% 83m 27s trg_loss: 0.5345867276191711
val_loss: 1.2827288427511607  val_acc: 63.486896386192825 %
Iter: 111000  1.85% 85m 26s trg_loss: 3.5206470489501953
Iter: 112000  1.87% 85m 51s trg_loss: 4.4230146408081055
Iter: 113000  1.88% 86m 15s trg_loss: 0.9319918155670166
Iter: 114000  1.90% 86m 40s trg_loss: 0.7867169380187988
Iter: 115000  1.92% 87m 5s trg_loss: 0.08371800929307938
val_loss: 1.2803631549660488  val_acc: 63.56940339928894 %
Iter: 116000  1.93% 89m 5s trg_loss: 0.08243346214294434
Iter: 117000  1.95% 89m 29s trg_loss: 0.2476486712694168
Iter: 118000  1.97% 89m 54s trg_loss: 0.05010906606912613
Iter: 119000  1.98% 90m 18s trg_loss: 0.5722509026527405
Iter: 120000  2.00% 90m 43s trg_loss: 0.2701767683029175
val_loss: 1.2782995607408878  val_acc: 63.57390378182145 %
Iter: 121000  2.02% 92m 42s trg_loss: 0.12557673454284668
Iter: 122000  2.03% 93m 6s trg_loss: 2.9038968086242676
Iter: 123000  2.05% 93m 31s trg_loss: 0.0045524765737354755
Iter: 124000  2.07% 93m 56s trg_loss: 0.031697046011686325
Iter: 125000  2.08% 94m 21s trg_loss: 4.653109550476074
val_loss: 1.2775584853010824  val_acc: 63.61440722461409 %
Iter: 126000  2.10% 96m 20s trg_loss: 2.344505786895752
Iter: 127000  2.12% 96m 44s trg_loss: 1.824582815170288
Iter: 128000  2.13% 97m 9s trg_loss: 0.24141855537891388
Iter: 129000  2.15% 97m 34s trg_loss: 0.17184875905513763
Iter: 130000  2.17% 97m 58s trg_loss: 2.0403685569763184
val_loss: 1.2767357735054803  val_acc: 63.62940849972247 %
Iter: 131000  2.18% 99m 57s trg_loss: 0.1483575999736786
Iter: 132000  2.20% 100m 22s trg_loss: 0.057642921805381775
Iter: 133000  2.22% 100m 46s trg_loss: 2.619262933731079
Iter: 134000  2.23% 101m 11s trg_loss: 3.8493332862854004
Iter: 135000  2.25% 101m 36s trg_loss: 1.022238850593567
val_loss: 1.2759752490957819  val_acc: 63.693913982688535 %
Iter: 136000  2.27% 103m 35s trg_loss: 0.245296910405159
Iter: 137000  2.28% 103m 59s trg_loss: 2.6153252124786377
Iter: 138000  2.30% 104m 24s trg_loss: 2.226546287536621
Iter: 139000  2.32% 104m 48s trg_loss: 0.7464329600334167
Iter: 140000  2.33% 105m 13s trg_loss: 1.134666919708252
val_loss: 1.275621697286684  val_acc: 63.684913217623496 %
Iter: 141000  2.35% 107m 14s trg_loss: 0.41728562116622925
Iter: 142000  2.37% 107m 38s trg_loss: 0.24827922880649567
Iter: 143000  2.38% 108m 3s trg_loss: 1.270216941833496
Iter: 144000  2.40% 108m 28s trg_loss: 0.04317997395992279
Iter: 145000  2.42% 108m 52s trg_loss: 0.19147035479545593
val_loss: 1.2751789231773383  val_acc: 63.684913217623496 %
Iter: 146000  2.43% 110m 52s trg_loss: 0.7478464245796204
Iter: 147000  2.45% 111m 17s trg_loss: 3.0376551151275635
Iter: 148000  2.47% 111m 42s trg_loss: 0.021837729960680008
Iter: 149000  2.48% 112m 6s trg_loss: 0.7923760414123535
Iter: 150000  2.50% 112m 31s trg_loss: 2.0351173877716064
val_loss: 1.2745114485696694  val_acc: 63.73591755299201 %
Iter: 151000  2.52% 114m 35s trg_loss: 2.7554686069488525
Iter: 152000  2.53% 114m 59s trg_loss: 0.08301334828138351
Iter: 153000  2.55% 115m 24s trg_loss: 3.1535792350769043
Iter: 154000  2.57% 115m 49s trg_loss: 1.1880271434783936
Iter: 155000  2.58% 116m 13s trg_loss: 2.8815462589263916
val_loss: 1.2742819522323257  val_acc: 63.72541666041614 %
Iter: 156000  2.60% 118m 14s trg_loss: 0.6696290969848633
Iter: 157000  2.62% 118m 38s trg_loss: 0.48908501863479614
Iter: 158000  2.63% 119m 3s trg_loss: 0.19376759231090546
Iter: 159000  2.65% 119m 28s trg_loss: 0.9092391729354858
Iter: 160000  2.67% 119m 53s trg_loss: 4.405298709869385
val_loss: 1.2740547835843297  val_acc: 63.746418445567876 %
Iter: 161000  2.68% 121m 53s trg_loss: 0.0754610076546669
Iter: 162000  2.70% 122m 18s trg_loss: 1.0552377700805664
Iter: 163000  2.72% 122m 42s trg_loss: 0.029261864721775055
Iter: 164000  2.73% 123m 7s trg_loss: 0.6772831082344055
Iter: 165000  2.75% 123m 32s trg_loss: 1.987653374671936
val_loss: 1.273867977043477  val_acc: 63.73741768050284 %
Iter: 166000  2.77% 125m 34s trg_loss: 4.078027725219727
Iter: 167000  2.78% 125m 59s trg_loss: 6.070498466491699
Iter: 168000  2.80% 126m 24s trg_loss: 0.006294781342148781
Iter: 169000  2.82% 126m 48s trg_loss: 1.0705857276916504
Iter: 170000  2.83% 127m 13s trg_loss: 0.8596513271331787
val_loss: 1.273751429605935  val_acc: 63.741918063035364 %
Iter: 171000  2.85% 129m 12s trg_loss: 1.7989435195922852
Iter: 172000  2.87% 129m 37s trg_loss: 0.10824748873710632
Iter: 173000  2.88% 130m 2s trg_loss: 0.3584064841270447
Iter: 174000  2.90% 130m 26s trg_loss: 0.6493735313415527
Iter: 175000  2.92% 130m 51s trg_loss: 0.20054563879966736
val_loss: 1.2736379969177112  val_acc: 63.73891780801368 %
Iter: 176000  2.93% 132m 51s trg_loss: 3.5760040283203125
Iter: 177000  2.95% 133m 15s trg_loss: 1.837061882019043
Iter: 178000  2.97% 133m 40s trg_loss: 1.1711491346359253
Iter: 179000  2.98% 134m 5s trg_loss: 0.7154598236083984
Iter: 180000  3.00% 134m 29s trg_loss: 0.0715009868144989
val_loss: 1.2735527667174749  val_acc: 63.73741768050284 %
Iter: 181000  3.02% 136m 29s trg_loss: 0.8520503044128418
Iter: 182000  3.03% 136m 54s trg_loss: 0.5193281173706055
Iter: 183000  3.05% 137m 19s trg_loss: 3.687628746032715
Iter: 184000  3.07% 137m 43s trg_loss: 1.1030720472335815
Iter: 185000  3.08% 138m 8s trg_loss: 0.1392282396554947
val_loss: 1.2734910788502318  val_acc: 63.73441742548117 %
Iter: 186000  3.10% 140m 10s trg_loss: 2.808216094970703
Iter: 187000  3.12% 140m 35s trg_loss: 0.8701708316802979
Iter: 188000  3.13% 140m 59s trg_loss: 0.08928262442350388
Iter: 189000  3.15% 141m 24s trg_loss: 1.2458337545394897
Iter: 190000  3.17% 141m 48s trg_loss: 0.7459003329277039
val_loss: 1.2734424636449928  val_acc: 63.73441742548117 %
Iter: 191000  3.18% 143m 48s trg_loss: 1.612565517425537
Iter: 192000  3.20% 144m 13s trg_loss: 2.6726536750793457
Iter: 193000  3.22% 144m 38s trg_loss: 0.6825247406959534
Iter: 194000  3.23% 145m 3s trg_loss: 0.21466973423957825
Iter: 195000  3.25% 145m 28s trg_loss: 1.5760544538497925
val_loss: 1.2733929397394523  val_acc: 63.73741768050284 %
Iter: 196000  3.27% 147m 31s trg_loss: 0.28121599555015564
Iter: 197000  3.28% 147m 56s trg_loss: 3.567751407623291
Iter: 198000  3.30% 148m 21s trg_loss: 0.2436635047197342
Iter: 199000  3.32% 148m 45s trg_loss: 0.38146525621414185
Iter: 200000  3.33% 149m 10s trg_loss: 0.44570428133010864
val_loss: 1.2733580669559001  val_acc: 63.74041793552452 %
Iter: 201000  3.35% 151m 10s trg_loss: 0.12393519282341003
Iter: 202000  3.37% 151m 35s trg_loss: 0.07688204944133759
Iter: 203000  3.38% 151m 59s trg_loss: 0.001898749964311719
Iter: 204000  3.40% 152m 24s trg_loss: 0.5715947151184082
Iter: 205000  3.42% 152m 48s trg_loss: 2.914090633392334
val_loss: 1.2733296048947533  val_acc: 63.743418190546194 %
Iter: 206000  3.43% 154m 49s trg_loss: 3.3696513175964355
Iter: 207000  3.45% 155m 14s trg_loss: 2.6266870498657227
Iter: 208000  3.47% 155m 39s trg_loss: 0.7075870037078857
Iter: 209000  3.48% 156m 3s trg_loss: 0.00485799927264452
Iter: 210000  3.50% 156m 28s trg_loss: 0.3886459767818451
val_loss: 1.2733064365439903  val_acc: 63.74791857307871 %
Iter: 211000  3.52% 158m 30s trg_loss: 0.7942156791687012
Iter: 212000  3.53% 158m 55s trg_loss: 0.15480203926563263
Iter: 213000  3.55% 159m 19s trg_loss: 3.322596311569214
Iter: 214000  3.57% 159m 44s trg_loss: 0.16587629914283752
Iter: 215000  3.58% 160m 8s trg_loss: 0.1639835089445114
val_loss: 1.2732916844362674  val_acc: 63.74491831805703 %
Iter: 216000  3.60% 162m 9s trg_loss: 0.90866619348526
Iter: 217000  3.62% 162m 33s trg_loss: 0.4841124415397644
Iter: 218000  3.63% 162m 58s trg_loss: 2.8706629276275635
Iter: 219000  3.65% 163m 22s trg_loss: 0.06239889934659004
Iter: 220000  3.67% 163m 47s trg_loss: 1.5960257053375244
val_loss: 1.2732748996949017  val_acc: 63.746418445567876 %
Iter: 221000  3.68% 165m 47s trg_loss: 0.2125585973262787
Iter: 222000  3.70% 166m 11s trg_loss: 0.04716573655605316
Iter: 223000  3.72% 166m 36s trg_loss: 0.029100928455591202
Iter: 224000  3.73% 167m 1s trg_loss: 0.04371370002627373
Iter: 225000  3.75% 167m 25s trg_loss: 1.652759075164795
val_loss: 1.2732603298326373  val_acc: 63.74791857307871 %
Iter: 226000  3.77% 169m 25s trg_loss: 0.6847715377807617
Iter: 227000  3.78% 169m 50s trg_loss: 0.2732413113117218
Iter: 228000  3.80% 170m 15s trg_loss: 0.033621564507484436
Iter: 229000  3.82% 170m 40s trg_loss: 0.02229226566851139
Iter: 230000  3.83% 171m 4s trg_loss: 4.259704113006592
val_loss: 1.2732532787885935  val_acc: 63.743418190546194 %
Iter: 231000  3.85% 173m 4s trg_loss: 2.3343143463134766
Iter: 232000  3.87% 173m 29s trg_loss: 0.3666585683822632
Iter: 233000  3.88% 173m 54s trg_loss: 0.09477058053016663
Iter: 234000  3.90% 174m 18s trg_loss: 6.928167819976807
Iter: 235000  3.92% 174m 43s trg_loss: 0.7731633186340332
val_loss: 1.2732445350056736  val_acc: 63.74491831805703 %
Iter: 236000  3.93% 176m 43s trg_loss: 2.276841163635254
Iter: 237000  3.95% 177m 7s trg_loss: 0.04811244085431099
Iter: 238000  3.97% 177m 32s trg_loss: 2.2876195907592773
Iter: 239000  3.98% 177m 56s trg_loss: 1.6937222480773926
Iter: 240000  4.00% 178m 21s trg_loss: 1.1199347972869873
val_loss: 1.2732370846463896  val_acc: 63.74491831805703 %
Iter: 241000  4.02% 180m 21s trg_loss: 1.6758832931518555
Iter: 242000  4.03% 180m 45s trg_loss: 2.804786443710327
Iter: 243000  4.05% 181m 10s trg_loss: 1.6034901142120361
Iter: 244000  4.07% 181m 34s trg_loss: 0.14476972818374634
Iter: 245000  4.08% 181m 59s trg_loss: 0.2703372538089752
val_loss: 1.2732339795898373  val_acc: 63.746418445567876 %
Iter: 246000  4.10% 183m 59s trg_loss: 2.8518402576446533
Iter: 247000  4.12% 184m 23s trg_loss: 0.21999424695968628
Iter: 248000  4.13% 184m 48s trg_loss: 1.1714321374893188
Iter: 249000  4.15% 185m 13s trg_loss: 2.357935905456543
Iter: 250000  4.17% 185m 37s trg_loss: 0.6399211287498474
val_loss: 1.2732297304824363  val_acc: 63.74491831805703 %
Iter: 251000  4.18% 187m 37s trg_loss: 0.6591944098472595
Iter: 252000  4.20% 188m 2s trg_loss: 0.8025060892105103
Iter: 253000  4.22% 188m 26s trg_loss: 1.2287359237670898
Iter: 254000  4.23% 188m 51s trg_loss: 0.3824448883533478
Iter: 255000  4.25% 189m 15s trg_loss: 1.0383857488632202
val_loss: 1.273225583694674  val_acc: 63.746418445567876 %
Iter: 256000  4.27% 191m 15s trg_loss: 0.05585138499736786
Iter: 257000  4.28% 191m 40s trg_loss: 4.882667064666748
Iter: 258000  4.30% 192m 5s trg_loss: 0.07897347211837769
Iter: 259000  4.32% 192m 29s trg_loss: 2.3558452129364014
Iter: 260000  4.33% 192m 54s trg_loss: 5.542595863342285
val_loss: 1.2732232358499083  val_acc: 63.746418445567876 %
Iter: 261000  4.35% 194m 54s trg_loss: 0.744396448135376
Iter: 262000  4.37% 195m 18s trg_loss: 0.38284969329833984
Iter: 263000  4.38% 195m 43s trg_loss: 5.476899147033691
Iter: 264000  4.40% 196m 8s trg_loss: 1.916991949081421
Iter: 265000  4.42% 196m 32s trg_loss: 0.18956507742404938
val_loss: 1.2732210863361444  val_acc: 63.746418445567876 %
Iter: 266000  4.43% 198m 32s trg_loss: 0.48359858989715576
Iter: 267000  4.45% 198m 57s trg_loss: 0.1884775608778
Iter: 268000  4.47% 199m 21s trg_loss: 1.5130858421325684
Iter: 269000  4.48% 199m 46s trg_loss: 0.280520498752594
Iter: 270000  4.50% 200m 11s trg_loss: 0.2729850113391876
val_loss: 1.2732190437301676  val_acc: 63.746418445567876 %
Iter: 271000  4.52% 202m 10s trg_loss: 1.2408281564712524
Iter: 272000  4.53% 202m 35s trg_loss: 0.054438620805740356
Iter: 273000  4.55% 203m 0s trg_loss: 1.7594155073165894
Iter: 274000  4.57% 203m 24s trg_loss: 0.09354542940855026
Iter: 275000  4.58% 203m 49s trg_loss: 0.41603386402130127
val_loss: 1.2732182420469433  val_acc: 63.746418445567876 %
Iter: 276000  4.60% 205m 49s trg_loss: 0.1986687332391739
Iter: 277000  4.62% 206m 13s trg_loss: 0.028743073344230652
Iter: 278000  4.63% 206m 38s trg_loss: 0.642907977104187
Iter: 279000  4.65% 207m 2s trg_loss: 0.8266832232475281
Iter: 280000  4.67% 207m 27s trg_loss: 2.409801483154297
val_loss: 1.27321728799664  val_acc: 63.746418445567876 %
Iter: 281000  4.68% 209m 27s trg_loss: 0.7829921245574951
Iter: 282000  4.70% 209m 51s trg_loss: 2.185020923614502
Iter: 283000  4.72% 210m 16s trg_loss: 1.7280880212783813
Iter: 284000  4.73% 210m 40s trg_loss: 0.17207922041416168
Iter: 285000  4.75% 211m 5s trg_loss: 0.06688308715820312
val_loss: 1.2732164106786896  val_acc: 63.746418445567876 %
Iter: 286000  4.77% 213m 5s trg_loss: 0.8725970983505249
Iter: 287000  4.78% 213m 29s trg_loss: 1.513694167137146
Iter: 288000  4.80% 213m 54s trg_loss: 0.744362473487854
Iter: 289000  4.82% 214m 18s trg_loss: 2.183838367462158
Iter: 290000  4.83% 214m 43s trg_loss: 1.4389714002609253
val_loss: 1.2732161718401451  val_acc: 63.746418445567876 %
Iter: 291000  4.85% 216m 43s trg_loss: 0.20743627846240997
Iter: 292000  4.87% 217m 7s trg_loss: 0.05328158661723137
Iter: 293000  4.88% 217m 32s trg_loss: 0.336154043674469
Iter: 294000  4.90% 217m 57s trg_loss: 0.04779405519366264
Iter: 295000  4.92% 218m 21s trg_loss: 3.0828099250793457
val_loss: 1.2732158374209888  val_acc: 63.746418445567876 %
Iter: 296000  4.93% 220m 21s trg_loss: 0.11818742007017136
Iter: 297000  4.95% 220m 46s trg_loss: 0.050777461379766464
Iter: 298000  4.97% 221m 10s trg_loss: 0.01979653164744377
Iter: 299000  4.98% 221m 35s trg_loss: 0.10654057562351227
Iter: 300000  5.00% 222m 0s trg_loss: 0.009720374830067158
val_loss: 1.2732156072070737  val_acc: 63.746418445567876 %
Iter: 301000  5.02% 223m 59s trg_loss: 0.963320255279541
Iter: 302000  5.03% 224m 24s trg_loss: 0.2460852712392807
Iter: 303000  5.05% 224m 49s trg_loss: 1.1084188222885132
Iter: 304000  5.07% 225m 13s trg_loss: 0.7080873250961304
Iter: 305000  5.08% 225m 38s trg_loss: 0.4461023211479187
val_loss: 1.2732155143596  val_acc: 63.746418445567876 %
Iter: 306000  5.10% 227m 38s trg_loss: 0.08010095357894897
Iter: 307000  5.12% 228m 2s trg_loss: 0.6987922191619873
Iter: 308000  5.13% 228m 27s trg_loss: 2.194976806640625
Iter: 309000  5.15% 228m 51s trg_loss: 2.0476770401000977
Iter: 310000  5.17% 229m 16s trg_loss: 0.8360676169395447
val_loss: 1.2732154302520962  val_acc: 63.746418445567876 %
Iter: 311000  5.18% 231m 16s trg_loss: 0.2434234470129013
Iter: 312000  5.20% 231m 40s trg_loss: 0.29587167501449585
Iter: 313000  5.22% 232m 5s trg_loss: 0.11294661462306976
Iter: 314000  5.23% 232m 29s trg_loss: 3.1416268348693848
Iter: 315000  5.25% 232m 54s trg_loss: 0.9039129018783569
val_loss: 1.2732153421710266  val_acc: 63.746418445567876 %
Iter: 316000  5.27% 234m 54s trg_loss: 0.0681958869099617
Iter: 317000  5.28% 235m 18s trg_loss: 2.9278430938720703
Iter: 318000  5.30% 235m 43s trg_loss: 1.3569166660308838
Iter: 319000  5.32% 236m 8s trg_loss: 2.4387362003326416
Iter: 320000  5.33% 236m 32s trg_loss: 4.354036331176758
val_loss: 1.2732153236687025  val_acc: 63.746418445567876 %
Iter: 321000  5.35% 238m 32s trg_loss: 0.05866216868162155
Iter: 322000  5.37% 238m 56s trg_loss: 6.612020969390869
Iter: 323000  5.38% 239m 21s trg_loss: 0.22623373568058014
Iter: 324000  5.40% 239m 46s trg_loss: 3.9397571086883545
Iter: 325000  5.42% 240m 10s trg_loss: 2.412722587585449
val_loss: 1.2732153050415524  val_acc: 63.746418445567876 %
Iter: 326000  5.43% 242m 10s trg_loss: 0.9044344425201416
Iter: 327000  5.45% 242m 35s trg_loss: 0.05643821507692337
Iter: 328000  5.47% 242m 59s trg_loss: 0.585906445980072
Iter: 329000  5.48% 243m 24s trg_loss: 0.0443415641784668
Iter: 330000  5.50% 243m 48s trg_loss: 2.8215253353118896
val_loss: 1.2732152842966253  val_acc: 63.746418445567876 %
Iter: 331000  5.52% 245m 48s trg_loss: 0.00328430044464767
Iter: 332000  5.53% 246m 13s trg_loss: 0.0628979504108429
Iter: 333000  5.55% 246m 38s trg_loss: 0.1025576964020729
Iter: 334000  5.57% 247m 3s trg_loss: 0.3052658438682556
Iter: 335000  5.58% 247m 27s trg_loss: 0.6865124702453613
val_loss: 1.2732152791019569  val_acc: 63.746418445567876 %
Iter: 336000  5.60% 249m 27s trg_loss: 0.046970125287771225
Iter: 337000  5.62% 249m 52s trg_loss: 0.1419033259153366
Iter: 338000  5.63% 250m 16s trg_loss: 0.36049118638038635
Iter: 339000  5.65% 250m 41s trg_loss: 0.21121720969676971
Iter: 340000  5.67% 251m 5s trg_loss: 1.1181435585021973
val_loss: 1.2732152763376146  val_acc: 63.746418445567876 %
Iter: 341000  5.68% 253m 5s trg_loss: 0.05781024321913719
Iter: 342000  5.70% 253m 30s trg_loss: 0.6859362721443176
Iter: 343000  5.72% 253m 55s trg_loss: 2.6360955238342285
Iter: 344000  5.73% 254m 19s trg_loss: 6.2702531814575195
Iter: 345000  5.75% 254m 44s trg_loss: 0.43197473883628845
val_loss: 1.2732152723874013  val_acc: 63.746418445567876 %
Iter: 346000  5.77% 256m 44s trg_loss: 0.10007737576961517
Iter: 347000  5.78% 257m 8s trg_loss: 0.4911995530128479
Iter: 348000  5.80% 257m 33s trg_loss: 2.3801729679107666
Iter: 349000  5.82% 257m 57s trg_loss: 0.09638500213623047
Iter: 350000  5.83% 258m 22s trg_loss: 1.432921290397644
val_loss: 1.2732152727220214  val_acc: 63.746418445567876 %
Iter: 351000  5.85% 260m 22s trg_loss: 0.6699038743972778
Iter: 352000  5.87% 260m 46s trg_loss: 0.04031221941113472
Iter: 353000  5.88% 261m 11s trg_loss: 0.02789146453142166
Iter: 354000  5.90% 261m 35s trg_loss: 0.605466365814209
Iter: 355000  5.92% 262m 0s trg_loss: 0.4331590235233307
val_loss: 1.2732152707527702  val_acc: 63.746418445567876 %
Iter: 356000  5.93% 264m 0s trg_loss: 2.0556106567382812
Iter: 357000  5.95% 264m 25s trg_loss: 0.55302894115448
Iter: 358000  5.97% 264m 49s trg_loss: 0.114944688975811
Iter: 359000  5.98% 265m 14s trg_loss: 2.448615312576294
Iter: 360000  6.00% 265m 38s trg_loss: 1.6593109369277954
val_loss: 1.2732152691734313  val_acc: 63.746418445567876 %
Iter: 361000  6.02% 267m 38s trg_loss: 0.8627630472183228
Iter: 362000  6.03% 268m 3s trg_loss: 1.646144986152649
Iter: 363000  6.05% 268m 28s trg_loss: 1.0283048152923584
Iter: 364000  6.07% 268m 52s trg_loss: 0.3381987512111664
Iter: 365000  6.08% 269m 17s trg_loss: 0.06307469308376312
val_loss: 1.2732152679651576  val_acc: 63.746418445567876 %
Iter: 366000  6.10% 271m 17s trg_loss: 0.24005421996116638
Iter: 367000  6.12% 271m 42s trg_loss: 0.8622135519981384
Iter: 368000  6.13% 272m 7s trg_loss: 0.3286241888999939
Iter: 369000  6.15% 272m 31s trg_loss: 0.008456493727862835
Iter: 370000  6.17% 272m 56s trg_loss: 2.2961111068725586
val_loss: 1.2732152690331378  val_acc: 63.746418445567876 %
Iter: 371000  6.18% 274m 56s trg_loss: 0.2884795665740967
Iter: 372000  6.20% 275m 20s trg_loss: 1.08414626121521
Iter: 373000  6.22% 275m 45s trg_loss: 2.0751938819885254
Iter: 374000  6.23% 276m 9s trg_loss: 0.7260341048240662
Iter: 375000  6.25% 276m 34s trg_loss: 1.5750688314437866
val_loss: 1.2732152678496311  val_acc: 63.746418445567876 %
Iter: 376000  6.27% 278m 34s trg_loss: 0.05443613603711128
Iter: 377000  6.28% 278m 58s trg_loss: 3.9287586212158203
Iter: 378000  6.30% 279m 23s trg_loss: 4.98094367980957
Iter: 379000  6.32% 279m 48s trg_loss: 2.759115219116211
Iter: 380000  6.33% 280m 12s trg_loss: 0.05408079922199249
val_loss: 1.2732152685719018  val_acc: 63.746418445567876 %
Iter: 381000  6.35% 282m 12s trg_loss: 0.2483871877193451
Iter: 382000  6.37% 282m 37s trg_loss: 0.05418017506599426
Iter: 383000  6.38% 283m 1s trg_loss: 0.9928954243659973
Iter: 384000  6.40% 283m 26s trg_loss: 0.1875733584165573
Iter: 385000  6.42% 283m 50s trg_loss: 0.22759340703487396
val_loss: 1.2732152669658956  val_acc: 63.746418445567876 %
Iter: 386000  6.43% 285m 50s trg_loss: 2.2396488189697266
Iter: 387000  6.45% 286m 15s trg_loss: 1.6486668586730957
Iter: 388000  6.47% 286m 39s trg_loss: 0.29175058007240295
Iter: 389000  6.48% 287m 4s trg_loss: 1.1387605667114258
Iter: 390000  6.50% 287m 28s trg_loss: 0.9535928964614868
val_loss: 1.273215268286996  val_acc: 63.746418445567876 %
Iter: 391000  6.52% 289m 28s trg_loss: 1.0244865417480469
Iter: 392000  6.53% 289m 53s trg_loss: 0.6124007105827332
Iter: 393000  6.55% 290m 17s trg_loss: 0.1365034431219101
Iter: 394000  6.57% 290m 42s trg_loss: 0.9352376461029053
Iter: 395000  6.58% 291m 6s trg_loss: 6.173647403717041
val_loss: 1.273215268345269  val_acc: 63.746418445567876 %
Iter: 396000  6.60% 293m 6s trg_loss: 3.4225716590881348
Iter: 397000  6.62% 293m 31s trg_loss: 0.19696766138076782
Iter: 398000  6.63% 293m 56s trg_loss: 2.401768922805786
Iter: 399000  6.65% 294m 20s trg_loss: 0.11423416435718536
Iter: 400000  6.67% 294m 45s trg_loss: 2.8698883056640625
val_loss: 1.2732152677164505  val_acc: 63.746418445567876 %
Iter: 401000  6.68% 296m 45s trg_loss: 4.822450637817383
Iter: 402000  6.70% 297m 9s trg_loss: 0.28629541397094727
Iter: 403000  6.72% 297m 34s trg_loss: 1.9512683153152466
Iter: 404000  6.73% 297m 59s trg_loss: 2.7554545402526855
Iter: 405000  6.75% 298m 24s trg_loss: 0.1763375997543335
val_loss: 1.2732152676209516  val_acc: 63.746418445567876 %
Iter: 406000  6.77% 300m 23s trg_loss: 0.42474010586738586
Iter: 407000  6.78% 300m 48s trg_loss: 0.9295253157615662
Iter: 408000  6.80% 301m 13s trg_loss: 4.242471694946289
Iter: 409000  6.82% 301m 37s trg_loss: 1.3236464262008667
Iter: 410000  6.83% 302m 2s trg_loss: 0.06679132580757141
val_loss: 1.2732152674379242  val_acc: 63.746418445567876 %
Iter: 411000  6.85% 304m 2s trg_loss: 0.6454160809516907
Iter: 412000  6.87% 304m 26s trg_loss: 0.2490445077419281
Iter: 413000  6.88% 304m 51s trg_loss: 0.6818307638168335
Iter: 414000  6.90% 305m 15s trg_loss: 0.016640320420265198
Iter: 415000  6.92% 305m 40s trg_loss: 1.3922945261001587
val_loss: 1.2732152678834043  val_acc: 63.746418445567876 %
Iter: 416000  6.93% 307m 39s trg_loss: 5.553076267242432
Iter: 417000  6.95% 308m 4s trg_loss: 1.232814073562622
Iter: 418000  6.97% 308m 29s trg_loss: 0.09556885063648224
Iter: 419000  6.98% 308m 53s trg_loss: 0.5881026983261108
Iter: 420000  7.00% 309m 18s trg_loss: 2.196695327758789
val_loss: 1.2732152677897461  val_acc: 63.746418445567876 %
Iter: 421000  7.02% 311m 18s trg_loss: 3.1932458877563477
Iter: 422000  7.03% 311m 42s trg_loss: 4.104100704193115
Iter: 423000  7.05% 312m 7s trg_loss: 2.892751693725586
Iter: 424000  7.07% 312m 32s trg_loss: 0.13342984020709991
Iter: 425000  7.08% 312m 56s trg_loss: 0.978919267654419
val_loss: 1.27321526782934  val_acc: 63.746418445567876 %
Iter: 426000  7.10% 314m 56s trg_loss: 4.176781177520752
Iter: 427000  7.12% 315m 20s trg_loss: 0.1697002798318863
Iter: 428000  7.13% 315m 45s trg_loss: 0.002984951948747039
Iter: 429000  7.15% 316m 10s trg_loss: 1.2828305959701538
Iter: 430000  7.17% 316m 34s trg_loss: 0.036656685173511505
val_loss: 1.2732152679330329  val_acc: 63.746418445567876 %
Iter: 431000  7.18% 318m 34s trg_loss: 0.608383297920227
Iter: 432000  7.20% 318m 59s trg_loss: 0.28802087903022766
Iter: 433000  7.22% 319m 23s trg_loss: 0.42453184723854065
Iter: 434000  7.23% 319m 48s trg_loss: 0.0006679449579678476
Iter: 435000  7.25% 320m 13s trg_loss: 3.4446828365325928
val_loss: 1.273215267695274  val_acc: 63.746418445567876 %
Iter: 436000  7.27% 322m 12s trg_loss: 0.020317180082201958
Iter: 437000  7.28% 322m 37s trg_loss: 0.08322200179100037
Iter: 438000  7.30% 323m 2s trg_loss: 2.056809902191162
Iter: 439000  7.32% 323m 27s trg_loss: 3.3908331394195557
Iter: 440000  7.33% 323m 51s trg_loss: 0.578349232673645
val_loss: 1.2732152677023714  val_acc: 63.746418445567876 %
Iter: 441000  7.35% 325m 51s trg_loss: 2.8720998764038086
Iter: 442000  7.37% 326m 15s trg_loss: 0.09696908295154572
Iter: 443000  7.38% 326m 40s trg_loss: 2.639951467514038
Iter: 444000  7.40% 327m 5s trg_loss: 0.40567687153816223
Iter: 445000  7.42% 327m 29s trg_loss: 0.677911102771759
val_loss: 1.2732152677371311  val_acc: 63.746418445567876 %
Iter: 446000  7.43% 329m 29s trg_loss: 2.8919007778167725
Iter: 447000  7.45% 329m 53s trg_loss: 1.3541678190231323
Iter: 448000  7.47% 330m 18s trg_loss: 0.10658343881368637
Iter: 449000  7.48% 330m 43s trg_loss: 2.0367960929870605
Iter: 450000  7.50% 331m 7s trg_loss: 0.45751631259918213
val_loss: 1.2732152676749882  val_acc: 63.746418445567876 %
Iter: 451000  7.52% 333m 7s trg_loss: 3.555056571960449
Iter: 452000  7.53% 333m 32s trg_loss: 0.06667111068964005
Iter: 453000  7.55% 333m 56s trg_loss: 1.2517677545547485
Iter: 454000  7.57% 334m 21s trg_loss: 4.020814895629883
Iter: 455000  7.58% 334m 45s trg_loss: 1.4756852388381958
val_loss: 1.2732152676573287  val_acc: 63.746418445567876 %
Iter: 456000  7.60% 336m 46s trg_loss: 0.006379595957696438
Iter: 457000  7.62% 337m 10s trg_loss: 0.7853713035583496
Iter: 458000  7.63% 337m 35s trg_loss: 2.380676507949829
Iter: 459000  7.65% 337m 59s trg_loss: 1.1767456531524658
Iter: 460000  7.67% 338m 24s trg_loss: 0.1712108850479126
val_loss: 1.2732152676477166  val_acc: 63.746418445567876 %
Iter: 461000  7.68% 340m 23s trg_loss: 3.6352765560150146
Iter: 462000  7.70% 340m 48s trg_loss: 0.1127195805311203
Iter: 463000  7.72% 341m 13s trg_loss: 0.8561022877693176
Iter: 464000  7.73% 341m 37s trg_loss: 0.12215200811624527
Iter: 465000  7.75% 342m 2s trg_loss: 0.6769367456436157
val_loss: 1.2732152676695114  val_acc: 63.746418445567876 %
Iter: 466000  7.77% 344m 1s trg_loss: 1.2304167747497559
Iter: 467000  7.78% 344m 26s trg_loss: 3.009223222732544
Iter: 468000  7.80% 344m 50s trg_loss: 0.9862269163131714
Iter: 469000  7.82% 345m 15s trg_loss: 0.23811142146587372
Iter: 470000  7.83% 345m 39s trg_loss: 0.06465032696723938
val_loss: 1.2732152676505109  val_acc: 63.746418445567876 %
Iter: 471000  7.85% 347m 39s trg_loss: 0.4673634171485901
Iter: 472000  7.87% 348m 4s trg_loss: 1.1005902290344238
Iter: 473000  7.88% 348m 29s trg_loss: 0.4716644883155823
Iter: 474000  7.90% 348m 54s trg_loss: 0.4052160978317261
Iter: 475000  7.92% 349m 18s trg_loss: 1.4366614818572998
val_loss: 1.2732152676558757  val_acc: 63.746418445567876 %
Iter: 476000  7.93% 351m 18s trg_loss: 1.1834681034088135
Iter: 477000  7.95% 351m 43s trg_loss: 0.661261260509491
Iter: 478000  7.97% 352m 7s trg_loss: 0.12402302026748657
Iter: 479000  7.98% 352m 32s trg_loss: 0.5052777528762817
Iter: 480000  8.00% 352m 56s trg_loss: 0.0341007336974144
val_loss: 1.273215267657664  val_acc: 63.746418445567876 %
Iter: 481000  8.02% 354m 56s trg_loss: 2.2376515865325928
Iter: 482000  8.03% 355m 20s trg_loss: 1.0577903985977173
Iter: 483000  8.05% 355m 45s trg_loss: 0.6062317490577698
Iter: 484000  8.07% 356m 10s trg_loss: 0.05357981100678444
Iter: 485000  8.08% 356m 34s trg_loss: 1.4378117322921753
val_loss: 1.273215267657664  val_acc: 63.746418445567876 %
Iter: 486000  8.10% 358m 34s trg_loss: 0.22996163368225098
Iter: 487000  8.12% 358m 58s trg_loss: 0.09634927660226822
Iter: 488000  8.13% 359m 23s trg_loss: 0.05185669660568237
Iter: 489000  8.15% 359m 48s trg_loss: 1.0201295614242554
Iter: 490000  8.17% 360m 12s trg_loss: 1.0392425060272217
val_loss: 1.273215267657664  val_acc: 63.746418445567876 %
Iter: 491000  8.18% 362m 12s trg_loss: 0.2147977501153946
Iter: 492000  8.20% 362m 37s trg_loss: 0.034739501774311066
Iter: 493000  8.22% 363m 1s trg_loss: 0.07441946864128113
Iter: 494000  8.23% 363m 26s trg_loss: 1.8552327156066895
Iter: 495000  8.25% 363m 50s trg_loss: 4.4649176597595215
val_loss: 1.273215267657664  val_acc: 63.746418445567876 %
Iter: 496000  8.27% 365m 50s trg_loss: 0.12080088257789612
Iter: 497000  8.28% 366m 15s trg_loss: 0.10624293982982635
Iter: 498000  8.30% 366m 40s trg_loss: 0.15860268473625183
Iter: 499000  8.32% 367m 4s trg_loss: 0.0785178691148758
Iter: 500000  8.33% 367m 29s trg_loss: 1.049298644065857
val_loss: 1.273215267657664  val_acc: 63.746418445567876 %
Iter: 501000  8.35% 369m 29s trg_loss: 1.3148844242095947
Iter: 502000  8.37% 369m 53s trg_loss: 0.6683362126350403
Iter: 503000  8.38% 370m 18s trg_loss: 0.3484852910041809
Iter: 504000  8.40% 370m 42s trg_loss: 0.05647922679781914
Iter: 505000  8.42% 371m 7s trg_loss: 0.08917249739170074
val_loss: 1.273215267657664  val_acc: 63.746418445567876 %
Iter: 506000  8.43% 373m 7s trg_loss: 0.6496956944465637
Iter: 507000  8.45% 373m 32s trg_loss: 0.13725820183753967
Iter: 508000  8.47% 373m 57s trg_loss: 0.10181710124015808
Iter: 509000  8.48% 374m 21s trg_loss: 0.6309602856636047
Iter: 510000  8.50% 374m 46s trg_loss: 0.047172561287879944
val_loss: 1.273215267657664  val_acc: 63.746418445567876 %
Iter: 511000  8.52% 376m 46s trg_loss: 0.07358253002166748
Iter: 512000  8.53% 377m 11s trg_loss: 0.023477312177419662
Iter: 513000  8.55% 377m 35s trg_loss: 0.23029309511184692
Iter: 514000  8.57% 378m 0s trg_loss: 0.0245602298527956
Iter: 515000  8.58% 378m 25s trg_loss: 0.5383457541465759
val_loss: 1.273215267657664  val_acc: 63.746418445567876 %
Iter: 516000  8.60% 380m 24s trg_loss: 2.0341005325317383
Iter: 517000  8.62% 380m 49s trg_loss: 0.3593110740184784
Iter: 518000  8.63% 381m 14s trg_loss: 0.21356229484081268
Iter: 519000  8.65% 381m 38s trg_loss: 0.06002867966890335
Iter: 520000  8.67% 382m 3s trg_loss: 0.6003339290618896
val_loss: 1.273215267657664  val_acc: 63.746418445567876 %
Iter: 521000  8.68% 384m 3s trg_loss: 0.15561267733573914
Iter: 522000  8.70% 384m 27s trg_loss: 0.6018750667572021
Iter: 523000  8.72% 384m 52s trg_loss: 4.17460823059082
Iter: 524000  8.73% 385m 16s trg_loss: 0.7438258528709412
Iter: 525000  8.75% 385m 41s trg_loss: 1.4817619323730469
val_loss: 1.273215267657664  val_acc: 63.746418445567876 %
Iter: 526000  8.77% 387m 41s trg_loss: 6.306668758392334
Iter: 527000  8.78% 388m 6s trg_loss: 1.3868781328201294
Iter: 528000  8.80% 388m 30s trg_loss: 2.1071696281433105
Iter: 529000  8.82% 388m 55s trg_loss: 3.452036142349243
Iter: 530000  8.83% 389m 20s trg_loss: 0.0966852530837059
val_loss: 1.273215267657664  val_acc: 63.746418445567876 %
Iter: 531000  8.85% 391m 20s trg_loss: 0.2291014939546585
Iter: 532000  8.87% 391m 44s trg_loss: 1.032156229019165
Iter: 533000  8.88% 392m 9s trg_loss: 0.27337145805358887
Iter: 534000  8.90% 392m 33s trg_loss: 2.491183042526245
Iter: 535000  8.92% 392m 58s trg_loss: 0.8357258439064026
val_loss: 1.273215267657664  val_acc: 63.746418445567876 %
Iter: 536000  8.93% 394m 58s trg_loss: 1.5973255634307861
Iter: 537000  8.95% 395m 22s trg_loss: 0.09608519822359085
Iter: 538000  8.97% 395m 47s trg_loss: 0.9144527316093445
Iter: 539000  8.98% 396m 12s trg_loss: 3.7388997077941895
Iter: 540000  9.00% 396m 36s trg_loss: 1.88902747631073
val_loss: 1.273215267657664  val_acc: 63.746418445567876 %
Iter: 541000  9.02% 398m 36s trg_loss: 6.236625671386719
Iter: 542000  9.03% 399m 1s trg_loss: 0.07630190253257751
Iter: 543000  9.05% 399m 26s trg_loss: 1.7715387344360352
Iter: 544000  9.07% 399m 50s trg_loss: 0.046272315084934235
Iter: 545000  9.08% 400m 15s trg_loss: 1.3989828824996948
val_loss: 1.273215267657664  val_acc: 63.746418445567876 %
Iter: 546000  9.10% 402m 15s trg_loss: 0.0201844722032547
Iter: 547000  9.12% 402m 40s trg_loss: 0.7386740446090698
Iter: 548000  9.13% 403m 4s trg_loss: 0.0029576150700449944
Iter: 549000  9.15% 403m 29s trg_loss: 0.11340180784463882
Iter: 550000  9.17% 403m 53s trg_loss: 0.07908053696155548
val_loss: 1.273215267657664  val_acc: 63.746418445567876 %
Iter: 551000  9.18% 405m 53s trg_loss: 0.05781024321913719
Iter: 552000  9.20% 406m 18s trg_loss: 0.014429155737161636
Iter: 553000  9.22% 406m 42s trg_loss: 0.031978338956832886
Iter: 554000  9.23% 407m 7s trg_loss: 4.007906913757324
Iter: 555000  9.25% 407m 31s trg_loss: 0.1606867015361786
val_loss: 1.273215267657664  val_acc: 63.746418445567876 %
Iter: 556000  9.27% 409m 31s trg_loss: 0.22710375487804413
Iter: 557000  9.28% 409m 55s trg_loss: 0.009027144871652126
Iter: 558000  9.30% 410m 20s trg_loss: 2.756211519241333
Iter: 559000  9.32% 410m 45s trg_loss: 4.758987903594971
Iter: 560000  9.33% 411m 9s trg_loss: 1.381148338317871
val_loss: 1.273215267657664  val_acc: 63.746418445567876 %
Iter: 561000  9.35% 413m 9s trg_loss: 0.4427071809768677
Iter: 562000  9.37% 413m 34s trg_loss: 0.00531842140480876
Iter: 563000  9.38% 413m 58s trg_loss: 0.33743590116500854
Iter: 564000  9.40% 414m 23s trg_loss: 1.1421451568603516
Iter: 565000  9.42% 414m 47s trg_loss: 2.0038161277770996
val_loss: 1.273215267657664  val_acc: 63.746418445567876 %
Iter: 566000  9.43% 416m 47s trg_loss: 2.9506590366363525
Iter: 567000  9.45% 417m 12s trg_loss: 0.06099648401141167
Iter: 568000  9.47% 417m 36s trg_loss: 5.3682332038879395
Iter: 569000  9.48% 418m 1s trg_loss: 0.12255346775054932
Iter: 570000  9.50% 418m 26s trg_loss: 0.10973969846963882
val_loss: 1.273215267657664  val_acc: 63.746418445567876 %
Iter: 571000  9.52% 420m 26s trg_loss: 0.08576325327157974
Iter: 572000  9.53% 420m 50s trg_loss: 0.4143611192703247
Iter: 573000  9.55% 421m 15s trg_loss: 0.28624895215034485
Iter: 574000  9.57% 421m 39s trg_loss: 0.10883944481611252
Iter: 575000  9.58% 422m 4s trg_loss: 2.2566213607788086
val_loss: 1.273215267657664  val_acc: 63.746418445567876 %
Iter: 576000  9.60% 424m 4s trg_loss: 0.27301260828971863
Iter: 577000  9.62% 424m 29s trg_loss: 1.5977773666381836
Iter: 578000  9.63% 424m 54s trg_loss: 0.14999620616436005
Iter: 579000  9.65% 425m 18s trg_loss: 0.44469451904296875
Iter: 580000  9.67% 425m 43s trg_loss: 1.178794026374817
val_loss: 1.273215267657664  val_acc: 63.746418445567876 %
Iter: 581000  9.68% 427m 43s trg_loss: 0.7982338070869446
Iter: 582000  9.70% 428m 7s trg_loss: 0.1501767784357071
Iter: 583000  9.72% 428m 32s trg_loss: 0.042376913130283356
Iter: 584000  9.73% 428m 57s trg_loss: 1.587085247039795
Iter: 585000  9.75% 429m 21s trg_loss: 2.5875508785247803
val_loss: 1.273215267657664  val_acc: 63.746418445567876 %
Iter: 586000  9.77% 431m 21s trg_loss: 0.8713421821594238
Iter: 587000  9.78% 431m 46s trg_loss: 0.14434964954853058
Iter: 588000  9.80% 432m 11s trg_loss: 2.876969337463379
Iter: 589000  9.82% 432m 35s trg_loss: 0.22649134695529938
Iter: 590000  9.83% 433m 0s trg_loss: 0.5356827974319458
val_loss: 1.273215267657664  val_acc: 63.746418445567876 %
Iter: 591000  9.85% 434m 59s trg_loss: 7.312409400939941
Iter: 592000  9.87% 435m 24s trg_loss: 0.009910899214446545
Iter: 593000  9.88% 435m 48s trg_loss: 0.010148590430617332
Iter: 594000  9.90% 436m 13s trg_loss: 0.19851362705230713
Iter: 595000  9.92% 436m 37s trg_loss: 1.8502206802368164
val_loss: 1.273215267657664  val_acc: 63.746418445567876 %
Iter: 596000  9.93% 438m 37s trg_loss: 0.10330355167388916
Iter: 597000  9.95% 439m 2s trg_loss: 0.2616964280605316
Iter: 598000  9.97% 439m 26s trg_loss: 0.8971264362335205
Iter: 599000  9.98% 439m 51s trg_loss: 0.8682725429534912
Iter: 600000 10.00% 440m 16s trg_loss: 0.4855172038078308
val_loss: 1.273215267657664  val_acc: 63.746418445567876 %
Iter: 601000 10.02% 442m 15s trg_loss: 1.6106150150299072
Iter: 602000 10.03% 442m 40s trg_loss: 0.6449995040893555
Iter: 603000 10.05% 443m 5s trg_loss: 0.924942135810852
Iter: 604000 10.07% 443m 29s trg_loss: 0.022185588255524635
Iter: 605000 10.08% 443m 54s trg_loss: 1.7468523979187012
val_loss: 1.273215267657664  val_acc: 63.746418445567876 %
Iter: 606000 10.10% 445m 54s trg_loss: 0.40249669551849365
Iter: 607000 10.12% 446m 18s trg_loss: 3.4752695560455322
Iter: 608000 10.13% 446m 43s trg_loss: 0.08429376035928726
Iter: 609000 10.15% 447m 8s trg_loss: 1.5768460035324097
Iter: 610000 10.17% 447m 32s trg_loss: 0.1435442715883255
val_loss: 1.273215267657664  val_acc: 63.746418445567876 %
Iter: 611000 10.18% 449m 32s trg_loss: 0.2699389159679413
Iter: 612000 10.20% 449m 57s trg_loss: 0.4486781358718872
Iter: 613000 10.22% 450m 22s trg_loss: 6.050382137298584
Iter: 614000 10.23% 450m 46s trg_loss: 0.012105331756174564
Iter: 615000 10.25% 451m 11s trg_loss: 3.1951632499694824
val_loss: 1.273215267657664  val_acc: 63.746418445567876 %
Iter: 616000 10.27% 453m 11s trg_loss: 1.8084508180618286
Iter: 617000 10.28% 453m 36s trg_loss: 1.2008206844329834
Iter: 618000 10.30% 454m 1s trg_loss: 0.48477602005004883
Iter: 619000 10.32% 454m 25s trg_loss: 0.7218965291976929
Iter: 620000 10.33% 454m 50s trg_loss: 0.13629116117954254
val_loss: 1.273215267657664  val_acc: 63.746418445567876 %
Iter: 621000 10.35% 456m 50s trg_loss: 0.20149704813957214
Iter: 622000 10.37% 457m 14s trg_loss: 0.03431316465139389
Iter: 623000 10.38% 457m 39s trg_loss: 0.10370051115751266
Iter: 624000 10.40% 458m 3s trg_loss: 0.4665599465370178
Iter: 625000 10.42% 458m 28s trg_loss: 1.9846439361572266
val_loss: 1.273215267657664  val_acc: 63.746418445567876 %
Iter: 626000 10.43% 460m 28s trg_loss: 1.2584547996520996
Iter: 627000 10.45% 460m 52s trg_loss: 1.374299168586731
Iter: 628000 10.47% 461m 17s trg_loss: 0.01947017014026642
Iter: 629000 10.48% 461m 41s trg_loss: 4.260916233062744
Iter: 630000 10.50% 462m 6s trg_loss: 4.114727020263672
val_loss: 1.273215267657664  val_acc: 63.746418445567876 %
Iter: 631000 10.52% 464m 6s trg_loss: 0.548592209815979
Iter: 632000 10.53% 464m 31s trg_loss: 0.2837151288986206
Iter: 633000 10.55% 464m 55s trg_loss: 1.6568081378936768
Iter: 634000 10.57% 465m 20s trg_loss: 2.197214365005493
Iter: 635000 10.58% 465m 44s trg_loss: 0.6673702597618103
val_loss: 1.273215267657664  val_acc: 63.746418445567876 %
Iter: 636000 10.60% 467m 44s trg_loss: 0.48942166566848755
Iter: 637000 10.62% 468m 9s trg_loss: 2.11517596244812
Iter: 638000 10.63% 468m 33s trg_loss: 2.434480905532837
Iter: 639000 10.65% 468m 58s trg_loss: 0.128367081284523
Iter: 640000 10.67% 469m 23s trg_loss: 1.4605571031570435
val_loss: 1.273215267657664  val_acc: 63.746418445567876 %
Iter: 641000 10.68% 471m 22s trg_loss: 4.6017165184021
Iter: 642000 10.70% 471m 47s trg_loss: 0.03961525112390518
Iter: 643000 10.72% 472m 11s trg_loss: 0.13803614675998688
Iter: 644000 10.73% 472m 36s trg_loss: 0.19829680025577545
Iter: 645000 10.75% 473m 1s trg_loss: 0.24223046004772186
val_loss: 1.273215267657664  val_acc: 63.746418445567876 %
Iter: 646000 10.77% 475m 1s trg_loss: 0.13426831364631653
Iter: 647000 10.78% 475m 25s trg_loss: 3.808260917663574
Iter: 648000 10.80% 475m 50s trg_loss: 0.5226548910140991
Iter: 649000 10.82% 476m 15s trg_loss: 0.031978338956832886
Iter: 650000 10.83% 476m 40s trg_loss: 0.18566766381263733
val_loss: 1.273215267657664  val_acc: 63.746418445567876 %
Iter: 651000 10.85% 478m 40s trg_loss: 2.233311653137207
Iter: 652000 10.87% 479m 4s trg_loss: 0.789260745048523
Iter: 653000 10.88% 479m 29s trg_loss: 0.3186803162097931
Iter: 654000 10.90% 479m 53s trg_loss: 0.06536848098039627
Iter: 655000 10.92% 480m 18s trg_loss: 2.5259382724761963
val_loss: 1.273215267657664  val_acc: 63.746418445567876 %
Iter: 656000 10.93% 482m 18s trg_loss: 0.23104718327522278
Iter: 657000 10.95% 482m 43s trg_loss: 0.17918317019939423
Iter: 658000 10.97% 483m 7s trg_loss: 2.2066147327423096
Iter: 659000 10.98% 483m 32s trg_loss: 0.7708436846733093
Iter: 660000 11.00% 483m 56s trg_loss: 0.7779558897018433
val_loss: 1.273215267657664  val_acc: 63.746418445567876 %
Iter: 661000 11.02% 485m 56s trg_loss: 0.01671113260090351
Iter: 662000 11.03% 486m 21s trg_loss: 3.2406768798828125
Iter: 663000 11.05% 486m 46s trg_loss: 1.8413718938827515
Iter: 664000 11.07% 487m 10s trg_loss: 3.3526711463928223
Iter: 665000 11.08% 487m 35s trg_loss: 0.04098856821656227
val_loss: 1.273215267657664  val_acc: 63.746418445567876 %
Iter: 666000 11.10% 489m 35s trg_loss: 0.03870243951678276
Iter: 667000 11.12% 489m 59s trg_loss: 0.016162797808647156
Iter: 668000 11.13% 490m 24s trg_loss: 1.0539307594299316
Iter: 669000 11.15% 490m 48s trg_loss: 0.06159364432096481
Iter: 670000 11.17% 491m 13s trg_loss: 0.03676435723900795
val_loss: 1.273215267657664  val_acc: 63.746418445567876 %
Iter: 671000 11.18% 493m 13s trg_loss: 3.528676986694336
Iter: 672000 11.20% 493m 37s trg_loss: 1.3184139728546143
Iter: 673000 11.22% 494m 2s trg_loss: 2.729707717895508
Iter: 674000 11.23% 494m 27s trg_loss: 1.3617351055145264
Iter: 675000 11.25% 494m 51s trg_loss: 0.11329250037670135
val_loss: 1.273215267657664  val_acc: 63.746418445567876 %
Iter: 676000 11.27% 496m 51s trg_loss: 2.449355363845825
Iter: 677000 11.28% 497m 16s trg_loss: 0.649819016456604
Iter: 678000 11.30% 497m 40s trg_loss: 0.19784344732761383
Iter: 679000 11.32% 498m 5s trg_loss: 0.27269890904426575
Iter: 680000 11.33% 498m 30s trg_loss: 0.0732894316315651
val_loss: 1.273215267657664  val_acc: 63.746418445567876 %
Iter: 681000 11.35% 500m 30s trg_loss: 0.15477712452411652
Iter: 682000 11.37% 500m 54s trg_loss: 0.5325148105621338
Iter: 683000 11.38% 501m 19s trg_loss: 0.6242226362228394
Iter: 684000 11.40% 501m 44s trg_loss: 4.80673885345459
Iter: 685000 11.42% 502m 9s trg_loss: 4.188018321990967
val_loss: 1.273215267657664  val_acc: 63.746418445567876 %
Iter: 686000 11.43% 504m 9s trg_loss: 0.4016282856464386
Iter: 687000 11.45% 504m 33s trg_loss: 2.98852276802063
Iter: 688000 11.47% 504m 58s trg_loss: 0.5545110702514648
Iter: 689000 11.48% 505m 23s trg_loss: 0.527300238609314
Iter: 690000 11.50% 505m 47s trg_loss: 6.64650821685791
val_loss: 1.273215267657664  val_acc: 63.746418445567876 %
Iter: 691000 11.52% 507m 47s trg_loss: 0.15432044863700867
Iter: 692000 11.53% 508m 11s trg_loss: 2.003359317779541
Iter: 693000 11.55% 508m 36s trg_loss: 0.8095167279243469
Iter: 694000 11.57% 509m 1s trg_loss: 0.16581399738788605
Iter: 695000 11.58% 509m 25s trg_loss: 1.9151086807250977
val_loss: 1.273215267657664  val_acc: 63.746418445567876 %
Iter: 696000 11.60% 511m 25s trg_loss: 9.148176193237305
Iter: 697000 11.62% 511m 49s trg_loss: 1.4183259010314941
Iter: 698000 11.63% 512m 14s trg_loss: 2.353245735168457
Iter: 699000 11.65% 512m 39s trg_loss: 0.33996447920799255
Iter: 700000 11.67% 513m 3s trg_loss: 0.3330555558204651
val_loss: 1.273215267657664  val_acc: 63.746418445567876 %
Iter: 701000 11.68% 515m 3s trg_loss: 0.2254818081855774
Iter: 702000 11.70% 515m 27s trg_loss: 2.7405662536621094
Iter: 703000 11.72% 515m 52s trg_loss: 2.1842286586761475
Iter: 704000 11.73% 516m 17s trg_loss: 0.1204989030957222
Iter: 705000 11.75% 516m 41s trg_loss: 2.001603603363037
val_loss: 1.273215267657664  val_acc: 63.746418445567876 %
Iter: 706000 11.77% 518m 41s trg_loss: 1.5351759195327759
Iter: 707000 11.78% 519m 5s trg_loss: 0.4940909743309021
Iter: 708000 11.80% 519m 30s trg_loss: 0.19127267599105835
Iter: 709000 11.82% 519m 54s trg_loss: 0.055021319538354874
Iter: 710000 11.83% 520m 19s trg_loss: 0.3142937421798706
val_loss: 1.273215267657664  val_acc: 63.746418445567876 %
Iter: 711000 11.85% 522m 19s trg_loss: 0.11238425225019455
Iter: 712000 11.87% 522m 44s trg_loss: 0.4615815281867981
Iter: 713000 11.88% 523m 8s trg_loss: 1.5939773321151733
Iter: 714000 11.90% 523m 33s trg_loss: 2.330535411834717
Iter: 715000 11.92% 523m 57s trg_loss: 0.6734238266944885
val_loss: 1.273215267657664  val_acc: 63.746418445567876 %
Iter: 716000 11.93% 526m 0s trg_loss: 6.40574836730957
Iter: 717000 11.95% 526m 24s trg_loss: 2.9827070236206055
Iter: 718000 11.97% 526m 49s trg_loss: 0.7275604605674744
Iter: 719000 11.98% 527m 14s trg_loss: 0.5601858496665955
Iter: 720000 12.00% 527m 38s trg_loss: 0.10878866165876389
val_loss: 1.273215267657664  val_acc: 63.746418445567876 %
Iter: 721000 12.02% 529m 38s trg_loss: 0.9725338220596313
Iter: 722000 12.03% 530m 2s trg_loss: 0.7120301723480225
Iter: 723000 12.05% 530m 27s trg_loss: 0.19691067934036255
Iter: 724000 12.07% 530m 51s trg_loss: 1.5640616416931152
Iter: 725000 12.08% 531m 16s trg_loss: 0.21258442103862762
val_loss: 1.273215267657664  val_acc: 63.746418445567876 %
Iter: 726000 12.10% 533m 16s trg_loss: 3.65737247467041
Iter: 727000 12.12% 533m 40s trg_loss: 0.19882822036743164
Iter: 728000 12.13% 534m 5s trg_loss: 0.08308422565460205
Iter: 729000 12.15% 534m 29s trg_loss: 0.646591305732727
Iter: 730000 12.17% 534m 54s trg_loss: 2.4927029609680176
val_loss: 1.273215267657664  val_acc: 63.746418445567876 %
Iter: 731000 12.18% 536m 55s trg_loss: 0.0034323371946811676
Iter: 732000 12.20% 537m 20s trg_loss: 0.35091185569763184
Iter: 733000 12.22% 537m 44s trg_loss: 0.18605798482894897
Iter: 734000 12.23% 538m 9s trg_loss: 3.780268907546997
Iter: 735000 12.25% 538m 33s trg_loss: 0.4911920428276062
val_loss: 1.273215267657664  val_acc: 63.746418445567876 %
Iter: 736000 12.27% 540m 33s trg_loss: 2.3870599269866943
Iter: 737000 12.28% 540m 58s trg_loss: 0.29142338037490845
Iter: 738000 12.30% 541m 22s trg_loss: 0.11380860209465027
Iter: 739000 12.32% 541m 47s trg_loss: 0.24737447500228882
Iter: 740000 12.33% 542m 12s trg_loss: 0.3436209559440613
val_loss: 1.273215267657664  val_acc: 63.746418445567876 %
Iter: 741000 12.35% 544m 11s trg_loss: 0.8475301265716553
Iter: 742000 12.37% 544m 36s trg_loss: 4.1269426345825195
Iter: 743000 12.38% 545m 0s trg_loss: 0.11799324303865433
Iter: 744000 12.40% 545m 25s trg_loss: 5.243239879608154
Iter: 745000 12.42% 545m 50s trg_loss: 0.09128138422966003
val_loss: 1.273215267657664  val_acc: 63.746418445567876 %
Iter: 746000 12.43% 547m 50s trg_loss: 0.5373295545578003
Iter: 747000 12.45% 548m 14s trg_loss: 0.08332664519548416
Iter: 748000 12.47% 548m 39s trg_loss: 5.66281270980835
Iter: 749000 12.48% 549m 3s trg_loss: 0.4122270345687866
Iter: 750000 12.50% 549m 28s trg_loss: 0.5031889081001282
val_loss: 1.273215267657664  val_acc: 63.746418445567876 %
Iter: 751000 12.52% 551m 28s trg_loss: 0.13237763941287994
Iter: 752000 12.53% 551m 53s trg_loss: 0.055902112275362015
Iter: 753000 12.55% 552m 18s trg_loss: 0.668464183807373
Iter: 754000 12.57% 552m 42s trg_loss: 0.29593348503112793
Iter: 755000 12.58% 553m 7s trg_loss: 0.9126116633415222
val_loss: 1.273215267657664  val_acc: 63.746418445567876 %
Iter: 756000 12.60% 555m 6s trg_loss: 0.310867577791214
Iter: 757000 12.62% 555m 31s trg_loss: 0.8729766607284546
Iter: 758000 12.63% 555m 56s trg_loss: 0.009719193913042545
Iter: 759000 12.65% 556m 20s trg_loss: 0.059640731662511826
Iter: 760000 12.67% 556m 45s trg_loss: 3.757246255874634
val_loss: 1.273215267657664  val_acc: 63.746418445567876 %
Iter: 761000 12.68% 558m 45s trg_loss: 1.9050663709640503
Iter: 762000 12.70% 559m 10s trg_loss: 0.069856196641922
Iter: 763000 12.72% 559m 34s trg_loss: 0.14663445949554443
Iter: 764000 12.73% 559m 59s trg_loss: 0.8867935538291931
Iter: 765000 12.75% 560m 23s trg_loss: 2.047863006591797
val_loss: 1.273215267657664  val_acc: 63.746418445567876 %
Iter: 766000 12.77% 562m 23s trg_loss: 0.37803131341934204
Iter: 767000 12.78% 562m 48s trg_loss: 0.13944248855113983
Iter: 768000 12.80% 563m 12s trg_loss: 0.5590301752090454
Iter: 769000 12.82% 563m 37s trg_loss: 2.1372196674346924
Iter: 770000 12.83% 564m 2s trg_loss: 0.4194450080394745
val_loss: 1.273215267657664  val_acc: 63.746418445567876 %
Iter: 771000 12.85% 566m 1s trg_loss: 0.49873167276382446
Iter: 772000 12.87% 566m 26s trg_loss: 0.03348035365343094
Iter: 773000 12.88% 566m 50s trg_loss: 0.35877302289009094
Iter: 774000 12.90% 567m 15s trg_loss: 0.07421915233135223
Iter: 775000 12.92% 567m 40s trg_loss: 3.3590168952941895
val_loss: 1.273215267657664  val_acc: 63.746418445567876 %
Iter: 776000 12.93% 569m 40s trg_loss: 1.3195658922195435
Iter: 777000 12.95% 570m 4s trg_loss: 0.3802224397659302
Iter: 778000 12.97% 570m 29s trg_loss: 0.7158796787261963
Iter: 779000 12.98% 570m 53s trg_loss: 0.1929975152015686
Iter: 780000 13.00% 571m 18s trg_loss: 1.3220051527023315
val_loss: 1.273215267657664  val_acc: 63.746418445567876 %
Iter: 781000 13.02% 573m 18s trg_loss: 0.9618432521820068
Iter: 782000 13.03% 573m 43s trg_loss: 0.29383525252342224
Iter: 783000 13.05% 574m 7s trg_loss: 0.7644726634025574
Iter: 784000 13.07% 574m 32s trg_loss: 0.4274521470069885
Iter: 785000 13.08% 574m 56s trg_loss: 0.08019557595252991
val_loss: 1.273215267657664  val_acc: 63.746418445567876 %
Iter: 786000 13.10% 576m 56s trg_loss: 0.06096306070685387
Iter: 787000 13.12% 577m 21s trg_loss: 0.3933122456073761
Iter: 788000 13.13% 577m 46s trg_loss: 0.6210007071495056
Iter: 789000 13.15% 578m 11s trg_loss: 0.9611326456069946
Iter: 790000 13.17% 578m 35s trg_loss: 1.291307806968689
val_loss: 1.273215267657664  val_acc: 63.746418445567876 %
Iter: 791000 13.18% 580m 33s trg_loss: 2.3508872985839844
Iter: 792000 13.20% 580m 58s trg_loss: 0.7617734670639038
Iter: 793000 13.22% 581m 22s trg_loss: 0.642362654209137
Iter: 794000 13.23% 581m 47s trg_loss: 1.8923249244689941
Iter: 795000 13.25% 582m 11s trg_loss: 0.7037017345428467
val_loss: 1.273215267657664  val_acc: 63.746418445567876 %
Iter: 796000 13.27% 584m 9s trg_loss: 0.035881947726011276
Iter: 797000 13.28% 584m 34s trg_loss: 0.9282791018486023
Iter: 798000 13.30% 584m 58s trg_loss: 2.0966508388519287
Iter: 799000 13.32% 585m 23s trg_loss: 0.41724643111228943
Iter: 800000 13.33% 585m 48s trg_loss: 0.05052271485328674
val_loss: 1.273215267657664  val_acc: 63.746418445567876 %
Iter: 801000 13.35% 587m 46s trg_loss: 0.0943160429596901
Iter: 802000 13.37% 588m 10s trg_loss: 1.1871163845062256
Iter: 803000 13.38% 588m 35s trg_loss: 0.8724309206008911
Iter: 804000 13.40% 588m 59s trg_loss: 4.712388515472412
Iter: 805000 13.42% 589m 24s trg_loss: 3.26491117477417
val_loss: 1.273215267657664  val_acc: 63.746418445567876 %
Iter: 806000 13.43% 591m 24s trg_loss: 0.12110245227813721
Iter: 807000 13.45% 591m 48s trg_loss: 0.24830153584480286
Iter: 808000 13.47% 592m 13s trg_loss: 0.5303467512130737
Iter: 809000 13.48% 592m 37s trg_loss: 0.6997858881950378
Iter: 810000 13.50% 593m 2s trg_loss: 2.709003210067749
val_loss: 1.273215267657664  val_acc: 63.746418445567876 %
Iter: 811000 13.52% 595m 2s trg_loss: 0.05397406965494156
Iter: 812000 13.53% 595m 27s trg_loss: 0.045160144567489624
Iter: 813000 13.55% 595m 51s trg_loss: 0.09025968611240387
Iter: 814000 13.57% 596m 16s trg_loss: 2.6308088302612305
Iter: 815000 13.58% 596m 40s trg_loss: 0.0451090931892395
val_loss: 1.273215267657664  val_acc: 63.746418445567876 %
Iter: 816000 13.60% 598m 40s trg_loss: 0.6731959581375122
Iter: 817000 13.62% 599m 5s trg_loss: 1.2884101867675781
Iter: 818000 13.63% 599m 29s trg_loss: 0.668773353099823
Iter: 819000 13.65% 599m 54s trg_loss: 2.5940749645233154
Iter: 820000 13.67% 600m 18s trg_loss: 0.25693419575691223
val_loss: 1.273215267657664  val_acc: 63.746418445567876 %
Iter: 821000 13.68% 602m 18s trg_loss: 0.527609646320343
Iter: 822000 13.70% 602m 43s trg_loss: 0.6485156416893005
Iter: 823000 13.72% 603m 8s trg_loss: 1.6997871398925781
Iter: 824000 13.73% 603m 32s trg_loss: 0.7148523926734924
Iter: 825000 13.75% 603m 57s trg_loss: 2.163224458694458
val_loss: 1.273215267657664  val_acc: 63.746418445567876 %
Iter: 826000 13.77% 605m 57s trg_loss: 0.23616230487823486
Iter: 827000 13.78% 606m 21s trg_loss: 0.8623082637786865
Iter: 828000 13.80% 606m 46s trg_loss: 0.499181866645813
Iter: 829000 13.82% 607m 10s trg_loss: 0.0990225225687027
Iter: 830000 13.83% 607m 35s trg_loss: 0.41874945163726807
val_loss: 1.273215267657664  val_acc: 63.746418445567876 %
Iter: 831000 13.85% 609m 35s trg_loss: 0.5429763793945312
Iter: 832000 13.87% 610m 0s trg_loss: 0.49637699127197266
Iter: 833000 13.88% 610m 24s trg_loss: 0.10952934622764587
Iter: 834000 13.90% 610m 49s trg_loss: 0.578771710395813
Iter: 835000 13.92% 611m 13s trg_loss: 0.11163736134767532
val_loss: 1.273215267657664  val_acc: 63.746418445567876 %
Iter: 836000 13.93% 613m 14s trg_loss: 0.43050968647003174
Iter: 837000 13.95% 613m 38s trg_loss: 0.14191915094852448
Iter: 838000 13.97% 614m 3s trg_loss: 0.8939396142959595
Iter: 839000 13.98% 614m 27s trg_loss: 0.23124122619628906
Iter: 840000 14.00% 614m 52s trg_loss: 0.46664929389953613
val_loss: 1.273215267657664  val_acc: 63.746418445567876 %
Iter: 841000 14.02% 616m 52s trg_loss: 1.1517863273620605
Iter: 842000 14.03% 617m 16s trg_loss: 0.6235442161560059
Iter: 843000 14.05% 617m 41s trg_loss: 0.32763436436653137
Iter: 844000 14.07% 618m 5s trg_loss: 0.47085392475128174
Iter: 845000 14.08% 618m 30s trg_loss: 0.9989030957221985
val_loss: 1.273215267657664  val_acc: 63.746418445567876 %
Iter: 846000 14.10% 620m 30s trg_loss: 0.288103312253952
Iter: 847000 14.12% 620m 54s trg_loss: 2.638418436050415
Iter: 848000 14.13% 621m 19s trg_loss: 0.1142374575138092
Iter: 849000 14.15% 621m 43s trg_loss: 0.2822195589542389
Iter: 850000 14.17% 622m 8s trg_loss: 0.4991114139556885
val_loss: 1.273215267657664  val_acc: 63.746418445567876 %
Iter: 851000 14.18% 624m 7s trg_loss: 2.664621591567993
Iter: 852000 14.20% 624m 32s trg_loss: 5.768566131591797
Iter: 853000 14.22% 624m 56s trg_loss: 0.0243386197835207
Iter: 854000 14.23% 625m 21s trg_loss: 1.6216119527816772
Iter: 855000 14.25% 625m 46s trg_loss: 2.130938768386841
val_loss: 1.273215267657664  val_acc: 63.746418445567876 %
^C[39544.112242] [WARN]Received Interrupt signal.
Traceback (most recent call last):
  File "/mnt/data/Competitions/NSDC 2019/National-Data-Science-Challenge/text_pytorch.py", line 142, in <module>
    output, loss = train(x, y)
  File "/mnt/data/Competitions/NSDC 2019/National-Data-Science-Challenge/text_pytorch.py", line 92, in train
    return output, loss.item()
KeyboardInterrupt


